 
[30m▫[0m[30m▫[0m[30m▫[0m[30m▫[0m[30m▫[0m[30m▫[0m[30m▫[0m 
[30m▫[0m[30m▫[0m[30m▫[0m[30m▫[0m[30m▫[0m[30m▫[0m[30m▫[0m 
[30m▫[0m[30m▫[0m[30m▫[0m[30m▫[0m[30m▫[0m[30m▫[0m[30m▫[0m 
[30m▫[0m[30m▫[0m[30m▫[0m[30m▫[0m[30m▫[0m[30m▫[0m[30m▫[0m 
[30m▫[0m[30m▫[0m[30m▫[0m[30m▫[0m[30m▫[0m[30m▫[0m[30m▫[0m 
[30m▫[0m[30m▫[0m[30m▫[0m[30m▫[0m[30m▫[0m[30m▫[0m[30m▫[0m 
[30m▫[0m[30m▫[0m[30m▫[0m[30m▫[0m[30m▫[0m[30m▫[0m[30m▫[0m 
 
1) Set Tile 
2) Make Default City 
3) Count Zones 
4) Set Tile Color 
5) Rezone 
6) Fix Roads 
0) Quit 
 
Choice:> [34;1m-1[0m
 Number is out of range 
 
[30m▫[0m[30m▫[0m[30m▫[0m[30m▫[0m[30m▫[0m[30m▫[0m[30m▫[0m 
[30m▫[0m[30m▫[0m[30m▫[0m[30m▫[0m[30m▫[0m[30m▫[0m[30m▫[0m 
[30m▫[0m[30m▫[0m[30m▫[0m[30m▫[0m[30m▫[0m[30m▫[0m[30m▫[0m 
[30m▫[0m[30m▫[0m[30m▫[0m[30m▫[0m[30m▫[0m[30m▫[0m[30m▫[0m 
[30m▫[0m[30m▫[0m[30m▫[0m[30m▫[0m[30m▫[0m[30m▫[0m[30m▫[0m 
[30m▫[0m[30m▫[0m[30m▫[0m[30m▫[0m[30m▫[0m[30m▫[0m[30m▫[0m 
[30m▫[0m[30m▫[0m[30m▫[0m[30m▫[0m[30m▫[0m[30m▫[0m[30m▫[0m 
 
1) Set Tile 
2) Make Default City 
3) Count Zones 
4) Set Tile Color 
5) Rezone 
6) Fix Roads 
0) Quit 
 
Choice:> [34;1m7[0m
 Number is out of range 
 
[30m▫[0m[30m▫[0m[30m▫[0m[30m▫[0m[30m▫[0m[30m▫[0m[30m▫[0m 
[30m▫[0m[30m▫[0m[30m▫[0m[30m▫[0m[30m▫[0m[30m▫[0m[30m▫[0m 
[30m▫[0m[30m▫[0m[30m▫[0m[30m▫[0m[30m▫[0m[30m▫[0m[30m▫[0m 
[30m▫[0m[30m▫[0m[30m▫[0m[30m▫[0m[30m▫[0m[30m▫[0m[30m▫[0m 
[30m▫[0m[30m▫[0m[30m▫[0m[30m▫[0m[30m▫[0m[30m▫[0m[30m▫[0m 
[30m▫[0m[30m▫[0m[30m▫[0m[30m▫[0m[30m▫[0m[30m▫[0m[30m▫[0m 
[30m▫[0m[30m▫[0m[30m▫[0m[30m▫[0m[30m▫[0m[30m▫[0m[30m▫[0m 
 
1) Set Tile 
2) Make Default City 
3) Count Zones 
4) Set Tile Color 
5) Rezone 
6) Fix Roads 
0) Quit 
 
Choice:> [34;1mb[0m
 Please input an integer 
 
[30m▫[0m[30m▫[0m[30m▫[0m[30m▫[0m[30m▫[0m[30m▫[0m[30m▫[0m 
[30m▫[0m[30m▫[0m[30m▫[0m[30m▫[0m[30m▫[0m[30m▫[0m[30m▫[0m 
[30m▫[0m[30m▫[0m[30m▫[0m[30m▫[0m[30m▫[0m[30m▫[0m[30m▫[0m 
[30m▫[0m[30m▫[0m[30m▫[0m[30m▫[0m[30m▫[0m[30m▫[0m[30m▫[0m 
[30m▫[0m[30m▫[0m[30m▫[0m[30m▫[0m[30m▫[0m[30m▫[0m[30m▫[0m 
[30m▫[0m[30m▫[0m[30m▫[0m[30m▫[0m[30m▫[0m[30m▫[0m[30m▫[0m 
[30m▫[0m[30m▫[0m[30m▫[0m[30m▫[0m[30m▫[0m[30m▫[0m[30m▫[0m 
 
1) Set Tile 
2) Make Default City 
3) Count Zones 
4) Set Tile Color 
5) Rezone 
6) Fix Roads 
0) Quit 
 
Choice:> [34;1m2.3[0m
 Please input an integer 
 
[30m▫[0m[30m▫[0m[30m▫[0m[30m▫[0m[30m▫[0m[30m▫[0m[30m▫[0m 
[30m▫[0m[30m▫[0m[30m▫[0m[30m▫[0m[30m▫[0m[30m▫[0m[30m▫[0m 
[30m▫[0m[30m▫[0m[30m▫[0m[30m▫[0m[30m▫[0m[30m▫[0m[30m▫[0m 
[30m▫[0m[30m▫[0m[30m▫[0m[30m▫[0m[30m▫[0m[30m▫[0m[30m▫[0m 
[30m▫[0m[30m▫[0m[30m▫[0m[30m▫[0m[30m▫[0m[30m▫[0m[30m▫[0m 
[30m▫[0m[30m▫[0m[30m▫[0m[30m▫[0m[30m▫[0m[30m▫[0m[30m▫[0m 
[30m▫[0m[30m▫[0m[30m▫[0m[30m▫[0m[30m▫[0m[30m▫[0m[30m▫[0m 
 
1) Set Tile 
2) Make Default City 
3) Count Zones 
4) Set Tile Color 
5) Rezone 
6) Fix Roads 
0) Quit 
 
Choice:> [34;1m1[0m
 Input tile type 1) greenspace 2) water 3) road 4) building 5) empty:> [34;1m-1[0m
 Number is out of range 
 
[30m▫[0m[30m▫[0m[30m▫[0m[30m▫[0m[30m▫[0m[30m▫[0m[30m▫[0m 
[30m▫[0m[30m▫[0m[30m▫[0m[30m▫[0m[30m▫[0m[30m▫[0m[30m▫[0m 
[30m▫[0m[30m▫[0m[30m▫[0m[30m▫[0m[30m▫[0m[30m▫[0m[30m▫[0m 
[30m▫[0m[30m▫[0m[30m▫[0m[30m▫[0m[30m▫[0m[30m▫[0m[30m▫[0m 
[30m▫[0m[30m▫[0m[30m▫[0m[30m▫[0m[30m▫[0m[30m▫[0m[30m▫[0m 
[30m▫[0m[30m▫[0m[30m▫[0m[30m▫[0m[30m▫[0m[30m▫[0m[30m▫[0m 
[30m▫[0m[30m▫[0m[30m▫[0m[30m▫[0m[30m▫[0m[30m▫[0m[30m▫[0m 
 
1) Set Tile 
2) Make Default City 
3) Count Zones 
4) Set Tile Color 
5) Rezone 
6) Fix Roads 
0) Quit 
 
Choice:> [34;1m1[0m
 Input tile type 1) greenspace 2) water 3) road 4) building 5) empty:> [34;1m10[0m
 Number is out of range 
 
[30m▫[0m[30m▫[0m[30m▫[0m[30m▫[0m[30m▫[0m[30m▫[0m[30m▫[0m 
[30m▫[0m[30m▫[0m[30m▫[0m[30m▫[0m[30m▫[0m[30m▫[0m[30m▫[0m 
[30m▫[0m[30m▫[0m[30m▫[0m[30m▫[0m[30m▫[0m[30m▫[0m[30m▫[0m 
[30m▫[0m[30m▫[0m[30m▫[0m[30m▫[0m[30m▫[0m[30m▫[0m[30m▫[0m 
[30m▫[0m[30m▫[0m[30m▫[0m[30m▫[0m[30m▫[0m[30m▫[0m[30m▫[0m 
[30m▫[0m[30m▫[0m[30m▫[0m[30m▫[0m[30m▫[0m[30m▫[0m[30m▫[0m 
[30m▫[0m[30m▫[0m[30m▫[0m[30m▫[0m[30m▫[0m[30m▫[0m[30m▫[0m 
 
1) Set Tile 
2) Make Default City 
3) Count Zones 
4) Set Tile Color 
5) Rezone 
6) Fix Roads 
0) Quit 
 
Choice:> [34;1m1[0m
 Input tile type 1) greenspace 2) water 3) road 4) building 5) empty:> [34;1ma[0m
 Please input an integer 
 
[30m▫[0m[30m▫[0m[30m▫[0m[30m▫[0m[30m▫[0m[30m▫[0m[30m▫[0m 
[30m▫[0m[30m▫[0m[30m▫[0m[30m▫[0m[30m▫[0m[30m▫[0m[30m▫[0m 
[30m▫[0m[30m▫[0m[30m▫[0m[30m▫[0m[30m▫[0m[30m▫[0m[30m▫[0m 
[30m▫[0m[30m▫[0m[30m▫[0m[30m▫[0m[30m▫[0m[30m▫[0m[30m▫[0m 
[30m▫[0m[30m▫[0m[30m▫[0m[30m▫[0m[30m▫[0m[30m▫[0m[30m▫[0m 
[30m▫[0m[30m▫[0m[30m▫[0m[30m▫[0m[30m▫[0m[30m▫[0m[30m▫[0m 
[30m▫[0m[30m▫[0m[30m▫[0m[30m▫[0m[30m▫[0m[30m▫[0m[30m▫[0m 
 
1) Set Tile 
2) Make Default City 
3) Count Zones 
4) Set Tile Color 
5) Rezone 
6) Fix Roads 
0) Quit 
 
Choice:> [34;1m1[0m
 Input tile type 1) greenspace 2) water 3) road 4) building 5) empty:> [34;1m1[0m
 Input location (x y):> [34;1mb[0m
 Please input an integer 
 
[30m▫[0m[30m▫[0m[30m▫[0m[30m▫[0m[30m▫[0m[30m▫[0m[30m▫[0m 
[30m▫[0m[30m▫[0m[30m▫[0m[30m▫[0m[30m▫[0m[30m▫[0m[30m▫[0m 
[30m▫[0m[30m▫[0m[30m▫[0m[30m▫[0m[30m▫[0m[30m▫[0m[30m▫[0m 
[30m▫[0m[30m▫[0m[30m▫[0m[30m▫[0m[30m▫[0m[30m▫[0m[30m▫[0m 
[30m▫[0m[30m▫[0m[30m▫[0m[30m▫[0m[30m▫[0m[30m▫[0m[30m▫[0m 
[30m▫[0m[30m▫[0m[30m▫[0m[30m▫[0m[30m▫[0m[30m▫[0m[30m▫[0m 
[30m▫[0m[30m▫[0m[30m▫[0m[30m▫[0m[30m▫[0m[30m▫[0m[30m▫[0m 
 
1) Set Tile 
2) Make Default City 
3) Count Zones 
4) Set Tile Color 
5) Rezone 
6) Fix Roads 
0) Quit 
 
Choice:> [34;1m1[0m
 Input tile type 1) greenspace 2) water 3) road 4) building 5) empty:> [34;1m1[0m
 Input location (x y):> [34;1m0 2.6[0m
 Please input an integer 
 
[30m▫[0m[30m▫[0m[30m▫[0m[30m▫[0m[30m▫[0m[30m▫[0m[30m▫[0m 
[30m▫[0m[30m▫[0m[30m▫[0m[30m▫[0m[30m▫[0m[30m▫[0m[30m▫[0m 
[30m▫[0m[30m▫[0m[30m▫[0m[30m▫[0m[30m▫[0m[30m▫[0m[30m▫[0m 
[30m▫[0m[30m▫[0m[30m▫[0m[30m▫[0m[30m▫[0m[30m▫[0m[30m▫[0m 
[30m▫[0m[30m▫[0m[30m▫[0m[30m▫[0m[30m▫[0m[30m▫[0m[30m▫[0m 
[30m▫[0m[30m▫[0m[30m▫[0m[30m▫[0m[30m▫[0m[30m▫[0m[30m▫[0m 
[30m▫[0m[30m▫[0m[30m▫[0m[30m▫[0m[30m▫[0m[30m▫[0m[30m▫[0m 
 
1) Set Tile 
2) Make Default City 
3) Count Zones 
4) Set Tile Color 
5) Rezone 
6) Fix Roads 
0) Quit 
 
Choice:> [34;1m1[0m
 Input tile type 1) greenspace 2) water 3) road 4) building 5) empty:> [34;1m1[0m
 Input location (x y):> [34;1m0 b[0m
 Please input an integer 
 
[30m▫[0m[30m▫[0m[30m▫[0m[30m▫[0m[30m▫[0m[30m▫[0m[30m▫[0m 
[30m▫[0m[30m▫[0m[30m▫[0m[30m▫[0m[30m▫[0m[30m▫[0m[30m▫[0m 
[30m▫[0m[30m▫[0m[30m▫[0m[30m▫[0m[30m▫[0m[30m▫[0m[30m▫[0m 
[30m▫[0m[30m▫[0m[30m▫[0m[30m▫[0m[30m▫[0m[30m▫[0m[30m▫[0m 
[30m▫[0m[30m▫[0m[30m▫[0m[30m▫[0m[30m▫[0m[30m▫[0m[30m▫[0m 
[30m▫[0m[30m▫[0m[30m▫[0m[30m▫[0m[30m▫[0m[30m▫[0m[30m▫[0m 
[30m▫[0m[30m▫[0m[30m▫[0m[30m▫[0m[30m▫[0m[30m▫[0m[30m▫[0m 
 
1) Set Tile 
2) Make Default City 
3) Count Zones 
4) Set Tile Color 
5) Rezone 
6) Fix Roads 
0) Quit 
 
Choice:> [34;1m1[0m
 Input tile type 1) greenspace 2) water 3) road 4) building 5) empty:> [34;1m1[0m
 Input location (x y):> [34;1m0 -1[0m
 Number is out of range 
 
[30m▫[0m[30m▫[0m[30m▫[0m[30m▫[0m[30m▫[0m[30m▫[0m[30m▫[0m 
[30m▫[0m[30m▫[0m[30m▫[0m[30m▫[0m[30m▫[0m[30m▫[0m[30m▫[0m 
[30m▫[0m[30m▫[0m[30m▫[0m[30m▫[0m[30m▫[0m[30m▫[0m[30m▫[0m 
[30m▫[0m[30m▫[0m[30m▫[0m[30m▫[0m[30m▫[0m[30m▫[0m[30m▫[0m 
[30m▫[0m[30m▫[0m[30m▫[0m[30m▫[0m[30m▫[0m[30m▫[0m[30m▫[0m 
[30m▫[0m[30m▫[0m[30m▫[0m[30m▫[0m[30m▫[0m[30m▫[0m[30m▫[0m 
[30m▫[0m[30m▫[0m[30m▫[0m[30m▫[0m[30m▫[0m[30m▫[0m[30m▫[0m 
 
1) Set Tile 
2) Make Default City 
3) Count Zones 
4) Set Tile Color 
5) Rezone 
6) Fix Roads 
0) Quit 
 
Choice:> [34;1m1[0m
 Input tile type 1) greenspace 2) water 3) road 4) building 5) empty:> [34;1m1[0m
 Input location (x y):> [34;1m10 0[0m
 Number is out of range 
 
[30m▫[0m[30m▫[0m[30m▫[0m[30m▫[0m[30m▫[0m[30m▫[0m[30m▫[0m 
[30m▫[0m[30m▫[0m[30m▫[0m[30m▫[0m[30m▫[0m[30m▫[0m[30m▫[0m 
[30m▫[0m[30m▫[0m[30m▫[0m[30m▫[0m[30m▫[0m[30m▫[0m[30m▫[0m 
[30m▫[0m[30m▫[0m[30m▫[0m[30m▫[0m[30m▫[0m[30m▫[0m[30m▫[0m 
[30m▫[0m[30m▫[0m[30m▫[0m[30m▫[0m[30m▫[0m[30m▫[0m[30m▫[0m 
[30m▫[0m[30m▫[0m[30m▫[0m[30m▫[0m[30m▫[0m[30m▫[0m[30m▫[0m 
[30m▫[0m[30m▫[0m[30m▫[0m[30m▫[0m[30m▫[0m[30m▫[0m[30m▫[0m 
 
1) Set Tile 
2) Make Default City 
3) Count Zones 
4) Set Tile Color 
5) Rezone 
6) Fix Roads 
0) Quit 
 
Choice:> [34;1m0[0m
  
