
[30m▫[0m[30m▫[0m[30m▫[0m[30m▫[0m[30m▫[0m[30m▫[0m[30m▫[0m
[30m▫[0m[30m▫[0m[30m▫[0m[30m▫[0m[30m▫[0m[30m▫[0m[30m▫[0m
[30m▫[0m[30m▫[0m[30m▫[0m[30m▫[0m[30m▫[0m[30m▫[0m[30m▫[0m
[30m▫[0m[30m▫[0m[30m▫[0m[30m▫[0m[30m▫[0m[30m▫[0m[30m▫[0m
[30m▫[0m[30m▫[0m[30m▫[0m[30m▫[0m[30m▫[0m[30m▫[0m[30m▫[0m
[30m▫[0m[30m▫[0m[30m▫[0m[30m▫[0m[30m▫[0m[30m▫[0m[30m▫[0m
[30m▫[0m[30m▫[0m[30m▫[0m[30m▫[0m[30m▫[0m[30m▫[0m[30m▫[0m

1) Set Tile
2) Make Default City
3) Count Zones
4) Set Tile Color
5) Rezone
6) Fix Roads
0) Quit

Choice:> Number is out of range

[30m▫[0m[30m▫[0m[30m▫[0m[30m▫[0m[30m▫[0m[30m▫[0m[30m▫[0m
[30m▫[0m[30m▫[0m[30m▫[0m[30m▫[0m[30m▫[0m[30m▫[0m[30m▫[0m
[30m▫[0m[30m▫[0m[30m▫[0m[30m▫[0m[30m▫[0m[30m▫[0m[30m▫[0m
[30m▫[0m[30m▫[0m[30m▫[0m[30m▫[0m[30m▫[0m[30m▫[0m[30m▫[0m
[30m▫[0m[30m▫[0m[30m▫[0m[30m▫[0m[30m▫[0m[30m▫[0m[30m▫[0m
[30m▫[0m[30m▫[0m[30m▫[0m[30m▫[0m[30m▫[0m[30m▫[0m[30m▫[0m
[30m▫[0m[30m▫[0m[30m▫[0m[30m▫[0m[30m▫[0m[30m▫[0m[30m▫[0m

1) Set Tile
2) Make Default City
3) Count Zones
4) Set Tile Color
5) Rezone
6) Fix Roads
0) Quit

Choice:> Number is out of range

[30m▫[0m[30m▫[0m[30m▫[0m[30m▫[0m[30m▫[0m[30m▫[0m[30m▫[0m
[30m▫[0m[30m▫[0m[30m▫[0m[30m▫[0m[30m▫[0m[30m▫[0m[30m▫[0m
[30m▫[0m[30m▫[0m[30m▫[0m[30m▫[0m[30m▫[0m[30m▫[0m[30m▫[0m
[30m▫[0m[30m▫[0m[30m▫[0m[30m▫[0m[30m▫[0m[30m▫[0m[30m▫[0m
[30m▫[0m[30m▫[0m[30m▫[0m[30m▫[0m[30m▫[0m[30m▫[0m[30m▫[0m
[30m▫[0m[30m▫[0m[30m▫[0m[30m▫[0m[30m▫[0m[30m▫[0m[30m▫[0m
[30m▫[0m[30m▫[0m[30m▫[0m[30m▫[0m[30m▫[0m[30m▫[0m[30m▫[0m

1) Set Tile
2) Make Default City
3) Count Zones
4) Set Tile Color
5) Rezone
6) Fix Roads
0) Quit

Choice:> Please input an integer

[30m▫[0m[30m▫[0m[30m▫[0m[30m▫[0m[30m▫[0m[30m▫[0m[30m▫[0m
[30m▫[0m[30m▫[0m[30m▫[0m[30m▫[0m[30m▫[0m[30m▫[0m[30m▫[0m
[30m▫[0m[30m▫[0m[30m▫[0m[30m▫[0m[30m▫[0m[30m▫[0m[30m▫[0m
[30m▫[0m[30m▫[0m[30m▫[0m[30m▫[0m[30m▫[0m[30m▫[0m[30m▫[0m
[30m▫[0m[30m▫[0m[30m▫[0m[30m▫[0m[30m▫[0m[30m▫[0m[30m▫[0m
[30m▫[0m[30m▫[0m[30m▫[0m[30m▫[0m[30m▫[0m[30m▫[0m[30m▫[0m
[30m▫[0m[30m▫[0m[30m▫[0m[30m▫[0m[30m▫[0m[30m▫[0m[30m▫[0m

1) Set Tile
2) Make Default City
3) Count Zones
4) Set Tile Color
5) Rezone
6) Fix Roads
0) Quit

Choice:> Please input an integer

[30m▫[0m[30m▫[0m[30m▫[0m[30m▫[0m[30m▫[0m[30m▫[0m[30m▫[0m
[30m▫[0m[30m▫[0m[30m▫[0m[30m▫[0m[30m▫[0m[30m▫[0m[30m▫[0m
[30m▫[0m[30m▫[0m[30m▫[0m[30m▫[0m[30m▫[0m[30m▫[0m[30m▫[0m
[30m▫[0m[30m▫[0m[30m▫[0m[30m▫[0m[30m▫[0m[30m▫[0m[30m▫[0m
[30m▫[0m[30m▫[0m[30m▫[0m[30m▫[0m[30m▫[0m[30m▫[0m[30m▫[0m
[30m▫[0m[30m▫[0m[30m▫[0m[30m▫[0m[30m▫[0m[30m▫[0m[30m▫[0m
[30m▫[0m[30m▫[0m[30m▫[0m[30m▫[0m[30m▫[0m[30m▫[0m[30m▫[0m

1) Set Tile
2) Make Default City
3) Count Zones
4) Set Tile Color
5) Rezone
6) Fix Roads
0) Quit

Choice:> 
Input tile type 1) greenspace 2) water 3) road 4) building 5) empty:> Number is out of range

[30m▫[0m[30m▫[0m[30m▫[0m[30m▫[0m[30m▫[0m[30m▫[0m[30m▫[0m
[30m▫[0m[30m▫[0m[30m▫[0m[30m▫[0m[30m▫[0m[30m▫[0m[30m▫[0m
[30m▫[0m[30m▫[0m[30m▫[0m[30m▫[0m[30m▫[0m[30m▫[0m[30m▫[0m
[30m▫[0m[30m▫[0m[30m▫[0m[30m▫[0m[30m▫[0m[30m▫[0m[30m▫[0m
[30m▫[0m[30m▫[0m[30m▫[0m[30m▫[0m[30m▫[0m[30m▫[0m[30m▫[0m
[30m▫[0m[30m▫[0m[30m▫[0m[30m▫[0m[30m▫[0m[30m▫[0m[30m▫[0m
[30m▫[0m[30m▫[0m[30m▫[0m[30m▫[0m[30m▫[0m[30m▫[0m[30m▫[0m

1) Set Tile
2) Make Default City
3) Count Zones
4) Set Tile Color
5) Rezone
6) Fix Roads
0) Quit

Choice:> 
Input tile type 1) greenspace 2) water 3) road 4) building 5) empty:> Number is out of range

[30m▫[0m[30m▫[0m[30m▫[0m[30m▫[0m[30m▫[0m[30m▫[0m[30m▫[0m
[30m▫[0m[30m▫[0m[30m▫[0m[30m▫[0m[30m▫[0m[30m▫[0m[30m▫[0m
[30m▫[0m[30m▫[0m[30m▫[0m[30m▫[0m[30m▫[0m[30m▫[0m[30m▫[0m
[30m▫[0m[30m▫[0m[30m▫[0m[30m▫[0m[30m▫[0m[30m▫[0m[30m▫[0m
[30m▫[0m[30m▫[0m[30m▫[0m[30m▫[0m[30m▫[0m[30m▫[0m[30m▫[0m
[30m▫[0m[30m▫[0m[30m▫[0m[30m▫[0m[30m▫[0m[30m▫[0m[30m▫[0m
[30m▫[0m[30m▫[0m[30m▫[0m[30m▫[0m[30m▫[0m[30m▫[0m[30m▫[0m

1) Set Tile
2) Make Default City
3) Count Zones
4) Set Tile Color
5) Rezone
6) Fix Roads
0) Quit

Choice:> 
Input tile type 1) greenspace 2) water 3) road 4) building 5) empty:> Please input an integer

[30m▫[0m[30m▫[0m[30m▫[0m[30m▫[0m[30m▫[0m[30m▫[0m[30m▫[0m
[30m▫[0m[30m▫[0m[30m▫[0m[30m▫[0m[30m▫[0m[30m▫[0m[30m▫[0m
[30m▫[0m[30m▫[0m[30m▫[0m[30m▫[0m[30m▫[0m[30m▫[0m[30m▫[0m
[30m▫[0m[30m▫[0m[30m▫[0m[30m▫[0m[30m▫[0m[30m▫[0m[30m▫[0m
[30m▫[0m[30m▫[0m[30m▫[0m[30m▫[0m[30m▫[0m[30m▫[0m[30m▫[0m
[30m▫[0m[30m▫[0m[30m▫[0m[30m▫[0m[30m▫[0m[30m▫[0m[30m▫[0m
[30m▫[0m[30m▫[0m[30m▫[0m[30m▫[0m[30m▫[0m[30m▫[0m[30m▫[0m

1) Set Tile
2) Make Default City
3) Count Zones
4) Set Tile Color
5) Rezone
6) Fix Roads
0) Quit

Choice:> 
Input tile type 1) greenspace 2) water 3) road 4) building 5) empty:> Input location (x y): Please input an integer

[30m▫[0m[30m▫[0m[30m▫[0m[30m▫[0m[30m▫[0m[30m▫[0m[30m▫[0m
[30m▫[0m[30m▫[0m[30m▫[0m[30m▫[0m[30m▫[0m[30m▫[0m[30m▫[0m
[30m▫[0m[30m▫[0m[30m▫[0m[30m▫[0m[30m▫[0m[30m▫[0m[30m▫[0m
[30m▫[0m[30m▫[0m[30m▫[0m[30m▫[0m[30m▫[0m[30m▫[0m[30m▫[0m
[30m▫[0m[30m▫[0m[30m▫[0m[30m▫[0m[30m▫[0m[30m▫[0m[30m▫[0m
[30m▫[0m[30m▫[0m[30m▫[0m[30m▫[0m[30m▫[0m[30m▫[0m[30m▫[0m
[30m▫[0m[30m▫[0m[30m▫[0m[30m▫[0m[30m▫[0m[30m▫[0m[30m▫[0m

1) Set Tile
2) Make Default City
3) Count Zones
4) Set Tile Color
5) Rezone
6) Fix Roads
0) Quit

Choice:> 
Input tile type 1) greenspace 2) water 3) road 4) building 5) empty:> Input location (x y): Please input an integer

[30m▫[0m[30m▫[0m[30m▫[0m[30m▫[0m[30m▫[0m[30m▫[0m[30m▫[0m
[30m▫[0m[30m▫[0m[30m▫[0m[30m▫[0m[30m▫[0m[30m▫[0m[30m▫[0m
[30m▫[0m[30m▫[0m[30m▫[0m[30m▫[0m[30m▫[0m[30m▫[0m[30m▫[0m
[30m▫[0m[30m▫[0m[30m▫[0m[30m▫[0m[30m▫[0m[30m▫[0m[30m▫[0m
[30m▫[0m[30m▫[0m[30m▫[0m[30m▫[0m[30m▫[0m[30m▫[0m[30m▫[0m
[30m▫[0m[30m▫[0m[30m▫[0m[30m▫[0m[30m▫[0m[30m▫[0m[30m▫[0m
[30m▫[0m[30m▫[0m[30m▫[0m[30m▫[0m[30m▫[0m[30m▫[0m[30m▫[0m

1) Set Tile
2) Make Default City
3) Count Zones
4) Set Tile Color
5) Rezone
6) Fix Roads
0) Quit

Choice:> 
Input tile type 1) greenspace 2) water 3) road 4) building 5) empty:> Input location (x y): Please input an integer

[30m▫[0m[30m▫[0m[30m▫[0m[30m▫[0m[30m▫[0m[30m▫[0m[30m▫[0m
[30m▫[0m[30m▫[0m[30m▫[0m[30m▫[0m[30m▫[0m[30m▫[0m[30m▫[0m
[30m▫[0m[30m▫[0m[30m▫[0m[30m▫[0m[30m▫[0m[30m▫[0m[30m▫[0m
[30m▫[0m[30m▫[0m[30m▫[0m[30m▫[0m[30m▫[0m[30m▫[0m[30m▫[0m
[30m▫[0m[30m▫[0m[30m▫[0m[30m▫[0m[30m▫[0m[30m▫[0m[30m▫[0m
[30m▫[0m[30m▫[0m[30m▫[0m[30m▫[0m[30m▫[0m[30m▫[0m[30m▫[0m
[30m▫[0m[30m▫[0m[30m▫[0m[30m▫[0m[30m▫[0m[30m▫[0m[30m▫[0m

1) Set Tile
2) Make Default City
3) Count Zones
4) Set Tile Color
5) Rezone
6) Fix Roads
0) Quit

Choice:> 
Input tile type 1) greenspace 2) water 3) road 4) building 5) empty:> Input location (x y): Number is out of range

[30m▫[0m[30m▫[0m[30m▫[0m[30m▫[0m[30m▫[0m[30m▫[0m[30m▫[0m
[30m▫[0m[30m▫[0m[30m▫[0m[30m▫[0m[30m▫[0m[30m▫[0m[30m▫[0m
[30m▫[0m[30m▫[0m[30m▫[0m[30m▫[0m[30m▫[0m[30m▫[0m[30m▫[0m
[30m▫[0m[30m▫[0m[30m▫[0m[30m▫[0m[30m▫[0m[30m▫[0m[30m▫[0m
[30m▫[0m[30m▫[0m[30m▫[0m[30m▫[0m[30m▫[0m[30m▫[0m[30m▫[0m
[30m▫[0m[30m▫[0m[30m▫[0m[30m▫[0m[30m▫[0m[30m▫[0m[30m▫[0m
[30m▫[0m[30m▫[0m[30m▫[0m[30m▫[0m[30m▫[0m[30m▫[0m[30m▫[0m

1) Set Tile
2) Make Default City
3) Count Zones
4) Set Tile Color
5) Rezone
6) Fix Roads
0) Quit

Choice:> 
Input tile type 1) greenspace 2) water 3) road 4) building 5) empty:> Input location (x y): Number is out of range

[30m▫[0m[30m▫[0m[30m▫[0m[30m▫[0m[30m▫[0m[30m▫[0m[30m▫[0m
[30m▫[0m[30m▫[0m[30m▫[0m[30m▫[0m[30m▫[0m[30m▫[0m[30m▫[0m
[30m▫[0m[30m▫[0m[30m▫[0m[30m▫[0m[30m▫[0m[30m▫[0m[30m▫[0m
[30m▫[0m[30m▫[0m[30m▫[0m[30m▫[0m[30m▫[0m[30m▫[0m[30m▫[0m
[30m▫[0m[30m▫[0m[30m▫[0m[30m▫[0m[30m▫[0m[30m▫[0m[30m▫[0m
[30m▫[0m[30m▫[0m[30m▫[0m[30m▫[0m[30m▫[0m[30m▫[0m[30m▫[0m
[30m▫[0m[30m▫[0m[30m▫[0m[30m▫[0m[30m▫[0m[30m▫[0m[30m▫[0m

1) Set Tile
2) Make Default City
3) Count Zones
4) Set Tile Color
5) Rezone
6) Fix Roads
0) Quit

Choice:> 