〜〜〜〜〜〜〜〜〜〜〜〜〜〜〜〜〜〜_X( 0)_〜〜〜〜〜〜〜〜〜
 〜〜〜〜〜〜〜〜〜〜〜〜〜〜〜〜〜〜.......〜〜〜〜〜〜〜〜〜
 
 1) Add Default Boat
 2) Update One Tick
 3) Update X Ticks
 4) Show Section Details
 5) Add Boat
 6) Make Tester
 7) Make New Simulator
 0) Quit
 
 Choice:> [34m[01m7[0m
Section (1) or Lock (2):> [34m[01m1[0m
Length:> [34m[01m1[0m
Flow:> [34m[01m1[0m

 Add another component (n to stop):> [34m[01my[0m
Section (1) or Lock (2):> [34m[01m1[0m
Length:> [34m[01m1[0m
Flow:> [34m[01m2[0m

 Add another component (n to stop):> [34m[01mY[0m
Section (1) or Lock (2):> [34m[01m2[0m
Fill behavior:> [34m[01m1[0m
None (1), Basic (2), or Fast Empty (3):> [34m[01m0[0m
Depth:> [34m[01mM[0m

 Add another component (n to stop):> [34m[01m2[0m
Section (1) or Lock (2):> [34m[01m1[0m
Fill behavior:> [34m[01m0[0m
None (1), Basic (2), or Fast Empty (3):> [34m[01m1[0m
Depth:> [34m[01m1[0m

 Add another component (n to stop):> [34m[01m1[0m
Section (1) or Lock (2):> [34m[01m3[0m
Length:> [34m[01mn[0m
Flow:> [34m[01m4[0m

 Add another component (n to stop):> [34m[01m1[0m
〜〜〜〜〜〜_X( 0)__X( 0)_〜〜〜
 〜〜〜〜〜〜..............〜〜〜
 
 1) Add Default Boat
 2) Update One Tick
 3) Update X Ticks
 4) Show Section Details
 5) Add Boat
 6) Make Tester
 7) Make New Simulator
 0) Quit
 
 Choice:> [34m[01m3[0m
Section 1
 Boats:> [34m[01m6[0m
0 Flow:> [34m[01m7[0m
1
 
 Section 2
 Boats:> [34m[01m1[0m
0 Flow:> [34m[01m4[0m
2
 
 Section 3
 Boats:> [34m[01m0[0m
0 Flow:> [34m[01my[0m
3
 
 
 1) Add Default Boat
 2) Update One Tick
 3) Update X Ticks
 4) Show Section Details
 5) Add Boat
 6) Make Tester
 7) Make New Simulator
 0) Quit
 
 Choice:> [34m[01m1[0m
⛴〜〜〜〜〜_X( 0)__X( 0)_〜〜〜
 39〜〜〜〜..............〜〜〜
 
 1) Add Default Boat
 2) Update One Tick
 3) Update X Ticks
 4) Show Section Details
 5) Add Boat
 6) Make Tester
 7) Make New Simulator
 0) Quit
 
 Choice:> [34m[01m4[0m
How many updates:> [34m[01m1[0m
〜〜〜⛴〜〜_X( 0)__X( 0)_〜〜〜
 〜〜〜39〜..............〜〜〜
 
 〜〜〜〜〜〜_⛴( 0)__X( 0)_〜〜〜
 〜〜〜〜〜〜39............〜〜〜
 
 〜〜〜〜〜〜_X( 0)__⛴( 0)_〜〜〜
 〜〜〜〜〜〜.......39.....〜〜〜
 
 〜〜〜〜〜〜_X( 0)__X( 0)_⛴〜〜
 〜〜〜〜〜〜..............39〜
 
 〜〜〜〜〜〜_X( 0)__X( 0)_〜〜〜
 〜〜〜〜〜〜..............〜〜〜
 
 〜〜〜〜〜〜_X( 0)__X( 0)_〜〜〜
 〜〜〜〜〜〜..............〜〜〜
 
 
 1) Add Default Boat
 2) Update One Tick
 3) Update X Ticks
 4) Show Section Details
 5) Add Boat
 6) Make Tester
 7) Make New Simulator
 0) Quit
 
 Choice:> [34m[01my[0m
Section (1) or Lock (2):> [34m[01m1[0m
Length:> [34m[01m4[0m
Flow:> [34m[01m2[0m

 Add another component (n to stop):> [34m[01mn[0m
Section (1) or Lock (2):> [34m[01m4[0m
Length:> [34m[01m5[0m
Flow:> [34m[01m3[0m

 Add another component (n to stop):> [34m[01m2[0m
Section (1) or Lock (2):> [34m[01m3[0m
Length:> [34m[01m9[0m
Flow:> [34m[01m7[0m

 Add another component (n to stop):> [34m[01m1[0m
〜〜〜〜〜〜〜〜〜〜〜〜〜〜〜〜〜〜〜〜〜〜〜〜〜〜〜〜〜〜〜〜〜〜〜〜
 〜〜〜〜〜〜〜〜〜〜〜〜〜〜〜〜〜〜〜〜〜〜〜〜〜〜〜〜〜〜〜〜〜〜〜〜
 
 1) Add Default Boat
 2) Update One Tick
 3) Update X Ticks
 4) Show Section Details
 5) Add Boat
 6) Make Tester
 7) Make New Simulator
 0) Quit
 
 Choice:> [34m[01m1[0m
Section 1
 Boats:> [34m[01m0[0m
0 Flow:> [34m[01my[0m
0
 
 Section 2
 Boats:> [34m[01m2[0m
0 Flow:> [34m[01m3[0m
1
 
 Section 3
 Boats:> [34m[01m4[0m
0 Flow:> [34m[01my[0m
2
 
 
 1) Add Default Boat
 2) Update One Tick
 3) Update X Ticks
 4) Show Section Details
 5) Add Boat
 6) Make Tester
 7) Make New Simulator
 0) Quit
 
 Choice:> [34m[01m2[0m
What engine power:> [34m[01m2[0m
What travel method. (1) Steady or (2) Max :> [34m[01m3[0m
⛴〜〜〜〜〜〜〜〜〜〜〜〜〜〜〜〜〜〜〜〜〜〜〜〜〜〜〜〜〜〜〜〜〜〜〜
 40〜〜〜〜〜〜〜〜〜〜〜〜〜〜〜〜〜〜〜〜〜〜〜〜〜〜〜〜〜〜〜〜〜〜
 
 1) Add Default Boat
 2) Update One Tick
 3) Update X Ticks
 4) Show Section Details
 5) Add Boat
 6) Make Tester
 7) Make New Simulator
 0) Quit
 
 Choice:> [34m[01my[0m
How many updates:> [34m[01m2[0m
〜〜〜〜〜〜〜〜〜⛴〜〜〜〜〜〜〜〜〜〜〜〜〜〜〜〜〜〜〜〜〜〜〜〜〜〜
 〜〜〜〜〜〜〜〜〜40〜〜〜〜〜〜〜〜〜〜〜〜〜〜〜〜〜〜〜〜〜〜〜〜〜
 
 〜〜〜〜〜〜〜〜〜〜〜〜⛴〜〜〜〜〜〜〜〜〜〜〜〜〜〜〜〜〜〜〜〜〜〜〜
 〜〜〜〜〜〜〜〜〜〜〜〜40〜〜〜〜〜〜〜〜〜〜〜〜〜〜〜〜〜〜〜〜〜〜
 
 〜〜〜〜〜〜〜〜〜〜〜〜〜〜〜〜〜〜⛴〜〜〜〜〜〜〜〜〜〜〜〜〜〜〜〜〜
 〜〜〜〜〜〜〜〜〜〜〜〜〜〜〜〜〜〜40〜〜〜〜〜〜〜〜〜〜〜〜〜〜〜〜
 
 〜〜〜〜〜〜〜〜〜〜〜〜〜〜〜〜〜〜〜〜〜⛴〜〜〜〜〜〜〜〜〜〜〜〜〜〜
 〜〜〜〜〜〜〜〜〜〜〜〜〜〜〜〜〜〜〜〜〜40〜〜〜〜〜〜〜〜〜〜〜〜〜
 
 〜〜〜〜〜〜〜〜〜〜〜〜〜〜〜〜〜〜〜〜〜〜〜〜⛴〜〜〜〜〜〜〜〜〜〜〜
 〜〜〜〜〜〜〜〜〜〜〜〜〜〜〜〜〜〜〜〜〜〜〜〜40〜〜〜〜〜〜〜〜〜〜
 
 〜〜〜〜〜〜〜〜〜〜〜〜〜〜〜〜〜〜〜〜〜〜〜〜〜〜〜⛴〜〜〜〜〜〜〜〜
 〜〜〜〜〜〜〜〜〜〜〜〜〜〜〜〜〜〜〜〜〜〜〜〜〜〜〜40〜〜〜〜〜〜〜
 
 〜〜〜〜〜〜〜〜〜〜〜〜〜〜〜〜〜〜〜〜〜〜〜〜〜〜〜〜〜〜⛴〜〜〜〜〜
 〜〜〜〜〜〜〜〜〜〜〜〜〜〜〜〜〜〜〜〜〜〜〜〜〜〜〜〜〜〜40〜〜〜〜
 
 〜〜〜〜〜〜〜〜〜〜〜〜〜〜〜〜〜〜〜〜〜〜〜〜〜〜〜〜〜〜〜〜〜⛴〜〜
 〜〜〜〜〜〜〜〜〜〜〜〜〜〜〜〜〜〜〜〜〜〜〜〜〜〜〜〜〜〜〜〜〜40〜
 
 〜〜〜〜〜〜〜〜〜〜〜〜〜〜〜〜〜〜〜〜〜〜〜〜〜〜〜〜〜〜〜〜〜〜〜〜
 〜〜〜〜〜〜〜〜〜〜〜〜〜〜〜〜〜〜〜〜〜〜〜〜〜〜〜〜〜〜〜〜〜〜〜〜
 
 
 1) Add Default Boat
 2) Update One Tick
 3) Update X Ticks
 4) Show Section Details
 5) Add Boat
 6) Make Tester
 7) Make New Simulator
 0) Quit
 
 Choice:> [34m[01m1[0m
Section (1) or Lock (2):> [34m[01m0[0m
Length:> [34m[01mn[0m
Flow:> [34m[01m1[0m

 Add another component (n to stop):> [34m[01m3[0m
Section (1) or Lock (2):> [34m[01m9[0m
Fill behavior:> [34m[01m0[0m
None (1), Basic (2), or Fast Empty (3):> [34m[01mNULL[0m
Depth:> [34m[01mNULL[0m

 Add another component (n to stop):> [34m[01mNULL[0m
Section (1) or Lock (2):> [34m[01mNULL[0m
Fill behavior:> [34m[01mNULL[0m
None (1), Basic (2), or Fast Empty (3):> [34m[01mNULL[0m
Depth:> [34m[01mNULL[0m

 Add another component (n to stop):> [34m[01mNULL[0m
Section (1) or Lock (2):> [34m[01mNULL[0m
Fill behavior:> [34m[01mNULL[0m
None (1), Basic (2), or Fast Empty (3):> [34m[01mNULL[0m
Depth:> [34m[01mNULL[0m

 Add another component (n to stop):> [34m[01mNULL[0m
〜〜〜_X( 0)__X( 0)__X( 0)_
 〜〜〜.....................
 
 1) Add Default Boat
 2) Update One Tick
 3) Update X Ticks
 4) Show Section Details
 5) Add Boat
 6) Make Tester
 7) Make New Simulator
 0) Quit
 
 Choice:> [34m[01mNULL[0m
⛴〜〜_X( 0)__X( 0)__X( 0)_
 41〜.....................
 
 1) Add Default Boat
 2) Update One Tick
 3) Update X Ticks
 4) Show Section Details
 5) Add Boat
 6) Make Tester
 7) Make New Simulator
 0) Quit
 
 Choice:> [34m[01mNULL[0m
How many updates:> [34m[01mNULL[0m
〜〜〜_⛴( 0)__X( 0)__X( 0)_
 〜〜〜41...................
 
 〜〜〜_⛴( 1)__X( 0)__X( 0)_
 〜〜〜41...................
 
 〜〜〜_⛴( 2)__X( 0)__X( 0)_
 〜〜〜41...................
 
 〜〜〜_⛴( 3)__X( 0)__X( 0)_
 〜〜〜41...................
 
 〜〜〜_X( 4)__⛴( 0)__X( 0)_
 〜〜〜.......41............
 
 〜〜〜_X( 2)__⛴( 1)__X( 0)_
 〜〜〜.......41............
 
 〜〜〜_X( 0)__⛴( 2)__X( 0)_
 〜〜〜.......41............
 
 〜〜〜_X( 0)__X( 3)__⛴( 0)_
 〜〜〜..............41.....
 
 〜〜〜_X( 0)__X( 2)__X( 0)_
 〜〜〜.....................
 
 
 1) Add Default Boat
 2) Update One Tick
 3) Update X Ticks
 4) Show Section Details
 5) Add Boat
 6) Make Tester
 7) Make New Simulator
 0) Quit
 
 Choice:> [34m[01mNULL[0m
 