〜〜〜〜〜〜〜〜〜〜〜〜〜〜〜〜〜〜_X( 0)_〜〜〜〜〜〜〜〜〜
 〜〜〜〜〜〜〜〜〜〜〜〜〜〜〜〜〜〜.......〜〜〜〜〜〜〜〜〜
 
 1) Add Default Boat
 2) Update One Tick
 3) Update X Ticks
 4) Show Section Details
 5) Add Boat
 6) Make Tester
 7) Make New Simulator
 0) Quit
 
 Choice:> [34m[01m5[0m
What engine power:> [34m[01m2[0m
What travel method. (1) Steady or (2) Max :> [34m[01m1[0m
⛴〜〜〜〜〜〜〜〜〜〜〜〜〜〜〜〜〜_X( 0)_〜〜〜〜〜〜〜〜〜
 26〜〜〜〜〜〜〜〜〜〜〜〜〜〜〜〜.......〜〜〜〜〜〜〜〜〜
 
 1) Add Default Boat
 2) Update One Tick
 3) Update X Ticks
 4) Show Section Details
 5) Add Boat
 6) Make Tester
 7) Make New Simulator
 0) Quit
 
 Choice:> [34m[01m3[0m
How many updates:> [34m[01m10[0m
〜〜〜⛴〜〜〜〜〜〜〜〜〜〜〜〜〜〜_X( 0)_〜〜〜〜〜〜〜〜〜
 〜〜〜26〜〜〜〜〜〜〜〜〜〜〜〜〜.......〜〜〜〜〜〜〜〜〜
 〜〜〜〜〜〜⛴〜〜〜〜〜〜〜〜〜〜〜_X( 0)_〜〜〜〜〜〜〜〜〜
 〜〜〜〜〜〜26〜〜〜〜〜〜〜〜〜〜.......〜〜〜〜〜〜〜〜〜
 〜〜〜〜〜〜〜〜〜⛴〜〜〜〜〜〜〜〜_X( 0)_〜〜〜〜〜〜〜〜〜
 〜〜〜〜〜〜〜〜〜26〜〜〜〜〜〜〜.......〜〜〜〜〜〜〜〜〜
 〜〜〜〜〜〜〜〜〜〜〜〜⛴〜〜〜〜〜_X( 0)_〜〜〜〜〜〜〜〜〜
 〜〜〜〜〜〜〜〜〜〜〜〜26〜〜〜〜.......〜〜〜〜〜〜〜〜〜
 〜〜〜〜〜〜〜〜〜〜〜〜〜〜〜⛴〜〜_X( 0)_〜〜〜〜〜〜〜〜〜
 〜〜〜〜〜〜〜〜〜〜〜〜〜〜〜26〜.......〜〜〜〜〜〜〜〜〜
 〜〜〜〜〜〜〜〜〜〜〜〜〜〜〜〜〜〜_⛴( 0)_〜〜〜〜〜〜〜〜〜
 〜〜〜〜〜〜〜〜〜〜〜〜〜〜〜〜〜〜26.....〜〜〜〜〜〜〜〜〜
 〜〜〜〜〜〜〜〜〜〜〜〜〜〜〜〜〜〜_X( 0)_⛴〜〜〜〜〜〜〜〜
 〜〜〜〜〜〜〜〜〜〜〜〜〜〜〜〜〜〜.......26〜〜〜〜〜〜〜
 〜〜〜〜〜〜〜〜〜〜〜〜〜〜〜〜〜〜_X( 0)_〜〜〜⛴〜〜〜〜〜
 〜〜〜〜〜〜〜〜〜〜〜〜〜〜〜〜〜〜.......〜〜〜26〜〜〜〜
 〜〜〜〜〜〜〜〜〜〜〜〜〜〜〜〜〜〜_X( 0)_〜〜〜〜〜〜⛴〜〜
 〜〜〜〜〜〜〜〜〜〜〜〜〜〜〜〜〜〜.......〜〜〜〜〜〜26〜
 〜〜〜〜〜〜〜〜〜〜〜〜〜〜〜〜〜〜_X( 0)_〜〜〜〜〜〜〜〜〜
 〜〜〜〜〜〜〜〜〜〜〜〜〜〜〜〜〜〜.......〜〜〜〜〜〜〜〜〜
 
 1) Add Default Boat
 2) Update One Tick
 3) Update X Ticks
 4) Show Section Details
 5) Add Boat
 6) Make Tester
 7) Make New Simulator
 0) Quit
 
 Choice:> [34m[01m5[0m
What engine power:> [34m[01m20[0m
What travel method. (1) Steady or (2) Max :> [34m[01m1[0m
⛴〜〜〜〜〜〜〜〜〜〜〜〜〜〜〜〜〜_X( 0)_〜〜〜〜〜〜〜〜〜
 27〜〜〜〜〜〜〜〜〜〜〜〜〜〜〜〜.......〜〜〜〜〜〜〜〜〜
 
 1) Add Default Boat
 2) Update One Tick
 3) Update X Ticks
 4) Show Section Details
 5) Add Boat
 6) Make Tester
 7) Make New Simulator
 0) Quit
 
 Choice:> [34m[01m3[0m
How many updates:> [34m[01m10[0m
〜〜〜⛴〜〜〜〜〜〜〜〜〜〜〜〜〜〜_X( 0)_〜〜〜〜〜〜〜〜〜
 〜〜〜27〜〜〜〜〜〜〜〜〜〜〜〜〜.......〜〜〜〜〜〜〜〜〜
 〜〜〜〜〜〜⛴〜〜〜〜〜〜〜〜〜〜〜_X( 0)_〜〜〜〜〜〜〜〜〜
 〜〜〜〜〜〜27〜〜〜〜〜〜〜〜〜〜.......〜〜〜〜〜〜〜〜〜
 〜〜〜〜〜〜〜〜〜⛴〜〜〜〜〜〜〜〜_X( 0)_〜〜〜〜〜〜〜〜〜
 〜〜〜〜〜〜〜〜〜27〜〜〜〜〜〜〜.......〜〜〜〜〜〜〜〜〜
 〜〜〜〜〜〜〜〜〜〜〜〜⛴〜〜〜〜〜_X( 0)_〜〜〜〜〜〜〜〜〜
 〜〜〜〜〜〜〜〜〜〜〜〜27〜〜〜〜.......〜〜〜〜〜〜〜〜〜
 〜〜〜〜〜〜〜〜〜〜〜〜〜〜〜⛴〜〜_X( 0)_〜〜〜〜〜〜〜〜〜
 〜〜〜〜〜〜〜〜〜〜〜〜〜〜〜27〜.......〜〜〜〜〜〜〜〜〜
 〜〜〜〜〜〜〜〜〜〜〜〜〜〜〜〜〜〜_⛴( 0)_〜〜〜〜〜〜〜〜〜
 〜〜〜〜〜〜〜〜〜〜〜〜〜〜〜〜〜〜27.....〜〜〜〜〜〜〜〜〜
 〜〜〜〜〜〜〜〜〜〜〜〜〜〜〜〜〜〜_X( 0)_⛴〜〜〜〜〜〜〜〜
 〜〜〜〜〜〜〜〜〜〜〜〜〜〜〜〜〜〜.......27〜〜〜〜〜〜〜
 〜〜〜〜〜〜〜〜〜〜〜〜〜〜〜〜〜〜_X( 0)_〜〜〜⛴〜〜〜〜〜
 〜〜〜〜〜〜〜〜〜〜〜〜〜〜〜〜〜〜.......〜〜〜27〜〜〜〜
 〜〜〜〜〜〜〜〜〜〜〜〜〜〜〜〜〜〜_X( 0)_〜〜〜〜〜〜⛴〜〜
 〜〜〜〜〜〜〜〜〜〜〜〜〜〜〜〜〜〜.......〜〜〜〜〜〜27〜
 〜〜〜〜〜〜〜〜〜〜〜〜〜〜〜〜〜〜_X( 0)_〜〜〜〜〜〜〜〜〜
 〜〜〜〜〜〜〜〜〜〜〜〜〜〜〜〜〜〜.......〜〜〜〜〜〜〜〜〜
 
 1) Add Default Boat
 2) Update One Tick
 3) Update X Ticks
 4) Show Section Details
 5) Add Boat
 6) Make Tester
 7) Make New Simulator
 0) Quit
 
 Choice:> [34m[01m5[0m
What engine power:> [34m[01m2[0m
What travel method. (1) Steady or (2) Max :> [34m[01m2[0m
⛴〜〜〜〜〜〜〜〜〜〜〜〜〜〜〜〜〜_X( 0)_〜〜〜〜〜〜〜〜〜
 28〜〜〜〜〜〜〜〜〜〜〜〜〜〜〜〜.......〜〜〜〜〜〜〜〜〜
 
 1) Add Default Boat
 2) Update One Tick
 3) Update X Ticks
 4) Show Section Details
 5) Add Boat
 6) Make Tester
 7) Make New Simulator
 0) Quit
 
 Choice:> [34m[01m3[0m
How many updates:> [34m[01m8[0m
〜〜〜〜〜〜⛴〜〜〜〜〜〜〜〜〜〜〜_X( 0)_〜〜〜〜〜〜〜〜〜
 〜〜〜〜〜〜28〜〜〜〜〜〜〜〜〜〜.......〜〜〜〜〜〜〜〜〜
 〜〜〜〜〜〜〜〜〜〜〜〜⛴〜〜〜〜〜_X( 0)_〜〜〜〜〜〜〜〜〜
 〜〜〜〜〜〜〜〜〜〜〜〜28〜〜〜〜.......〜〜〜〜〜〜〜〜〜
 〜〜〜〜〜〜〜〜〜〜〜〜〜〜〜⛴〜〜_X( 0)_〜〜〜〜〜〜〜〜〜
 〜〜〜〜〜〜〜〜〜〜〜〜〜〜〜28〜.......〜〜〜〜〜〜〜〜〜
 〜〜〜〜〜〜〜〜〜〜〜〜〜〜〜〜〜〜_⛴( 0)_〜〜〜〜〜〜〜〜〜
 〜〜〜〜〜〜〜〜〜〜〜〜〜〜〜〜〜〜28.....〜〜〜〜〜〜〜〜〜
 〜〜〜〜〜〜〜〜〜〜〜〜〜〜〜〜〜〜_X( 0)_⛴〜〜〜〜〜〜〜〜
 〜〜〜〜〜〜〜〜〜〜〜〜〜〜〜〜〜〜.......28〜〜〜〜〜〜〜
 〜〜〜〜〜〜〜〜〜〜〜〜〜〜〜〜〜〜_X( 0)_〜〜〜⛴〜〜〜〜〜
 〜〜〜〜〜〜〜〜〜〜〜〜〜〜〜〜〜〜.......〜〜〜28〜〜〜〜
 〜〜〜〜〜〜〜〜〜〜〜〜〜〜〜〜〜〜_X( 0)_〜〜〜〜〜〜⛴〜〜
 〜〜〜〜〜〜〜〜〜〜〜〜〜〜〜〜〜〜.......〜〜〜〜〜〜28〜
 〜〜〜〜〜〜〜〜〜〜〜〜〜〜〜〜〜〜_X( 0)_〜〜〜〜〜〜〜〜〜
 〜〜〜〜〜〜〜〜〜〜〜〜〜〜〜〜〜〜.......〜〜〜〜〜〜〜〜〜
 
 1) Add Default Boat
 2) Update One Tick
 3) Update X Ticks
 4) Show Section Details
 5) Add Boat
 6) Make Tester
 7) Make New Simulator
 0) Quit
 
 Choice:> [34m[01m5[0m
What engine power:> [34m[01m3[0m
What travel method. (1) Steady or (2) Max :> [34m[01m2[0m
⛴〜〜〜〜〜〜〜〜〜〜〜〜〜〜〜〜〜_X( 0)_〜〜〜〜〜〜〜〜〜
 29〜〜〜〜〜〜〜〜〜〜〜〜〜〜〜〜.......〜〜〜〜〜〜〜〜〜
 
 1) Add Default Boat
 2) Update One Tick
 3) Update X Ticks
 4) Show Section Details
 5) Add Boat
 6) Make Tester
 7) Make New Simulator
 0) Quit
 
 Choice:> [34m[01m3[0m
How many updates:> [34m[01m6[0m
〜〜〜〜〜〜〜〜〜⛴〜〜〜〜〜〜〜〜_X( 0)_〜〜〜〜〜〜〜〜〜
 〜〜〜〜〜〜〜〜〜29〜〜〜〜〜〜〜.......〜〜〜〜〜〜〜〜〜
 〜〜〜〜〜〜〜〜〜〜〜〜〜〜〜⛴〜〜_X( 0)_〜〜〜〜〜〜〜〜〜
 〜〜〜〜〜〜〜〜〜〜〜〜〜〜〜29〜.......〜〜〜〜〜〜〜〜〜
 〜〜〜〜〜〜〜〜〜〜〜〜〜〜〜〜〜〜_⛴( 0)_〜〜〜〜〜〜〜〜〜
 〜〜〜〜〜〜〜〜〜〜〜〜〜〜〜〜〜〜29.....〜〜〜〜〜〜〜〜〜
 〜〜〜〜〜〜〜〜〜〜〜〜〜〜〜〜〜〜_X( 0)_⛴〜〜〜〜〜〜〜〜
 〜〜〜〜〜〜〜〜〜〜〜〜〜〜〜〜〜〜.......29〜〜〜〜〜〜〜
 〜〜〜〜〜〜〜〜〜〜〜〜〜〜〜〜〜〜_X( 0)_〜〜〜〜〜〜⛴〜〜
 〜〜〜〜〜〜〜〜〜〜〜〜〜〜〜〜〜〜.......〜〜〜〜〜〜29〜
 〜〜〜〜〜〜〜〜〜〜〜〜〜〜〜〜〜〜_X( 0)_〜〜〜〜〜〜〜〜〜
 〜〜〜〜〜〜〜〜〜〜〜〜〜〜〜〜〜〜.......〜〜〜〜〜〜〜〜〜
 
 1) Add Default Boat
 2) Update One Tick
 3) Update X Ticks
 4) Show Section Details
 5) Add Boat
 6) Make Tester
 7) Make New Simulator
 0) Quit
 
 Choice:> [34m[01m1[0m
⛴〜〜〜〜〜〜〜〜〜〜〜〜〜〜〜〜〜_X( 0)_〜〜〜〜〜〜〜〜〜
 30〜〜〜〜〜〜〜〜〜〜〜〜〜〜〜〜.......〜〜〜〜〜〜〜〜〜
 
 1) Add Default Boat
 2) Update One Tick
 3) Update X Ticks
 4) Show Section Details
 5) Add Boat
 6) Make Tester
 7) Make New Simulator
 0) Quit
 
 Choice:> [34m[01m3[0m
How many updates:> [34m[01m3[0m
〜〜〜⛴〜〜〜〜〜〜〜〜〜〜〜〜〜〜_X( 0)_〜〜〜〜〜〜〜〜〜
 〜〜〜30〜〜〜〜〜〜〜〜〜〜〜〜〜.......〜〜〜〜〜〜〜〜〜
 〜〜〜〜〜〜⛴〜〜〜〜〜〜〜〜〜〜〜_X( 0)_〜〜〜〜〜〜〜〜〜
 〜〜〜〜〜〜30〜〜〜〜〜〜〜〜〜〜.......〜〜〜〜〜〜〜〜〜
 〜〜〜〜〜〜〜〜〜⛴〜〜〜〜〜〜〜〜_X( 0)_〜〜〜〜〜〜〜〜〜
 〜〜〜〜〜〜〜〜〜30〜〜〜〜〜〜〜.......〜〜〜〜〜〜〜〜〜
 
 1) Add Default Boat
 2) Update One Tick
 3) Update X Ticks
 4) Show Section Details
 5) Add Boat
 6) Make Tester
 7) Make New Simulator
 0) Quit
 
 Choice:> [34m[01m5[0m
What engine power:> [34m[01m5[0m
What travel method. (1) Steady or (2) Max :> [34m[01m2[0m
⛴〜〜〜〜〜〜〜〜⛴〜〜〜〜〜〜〜〜_X( 0)_〜〜〜〜〜〜〜〜〜
 31〜〜〜〜〜〜〜30〜〜〜〜〜〜〜.......〜〜〜〜〜〜〜〜〜
 
 1) Add Default Boat
 2) Update One Tick
 3) Update X Ticks
 4) Show Section Details
 5) Add Boat
 6) Make Tester
 7) Make New Simulator
 0) Quit
 
 Choice:> [34m[01m3[0m
How many updates:> [34m[01m8[0m
〜〜〜〜〜〜〜〜〜⛴〜〜⛴〜〜〜〜〜_X( 0)_〜〜〜〜〜〜〜〜〜
 〜〜〜〜〜〜〜〜〜31〜30〜〜〜〜.......〜〜〜〜〜〜〜〜〜
 〜〜〜〜〜〜〜〜〜〜〜〜⛴〜〜⛴〜〜_X( 0)_〜〜〜〜〜〜〜〜〜
 〜〜〜〜〜〜〜〜〜〜〜〜31〜30〜.......〜〜〜〜〜〜〜〜〜
 〜〜〜〜〜〜〜〜〜〜〜〜〜〜〜⛴〜〜_⛴( 0)_〜〜〜〜〜〜〜〜〜
 〜〜〜〜〜〜〜〜〜〜〜〜〜〜〜31〜30.....〜〜〜〜〜〜〜〜〜
 〜〜〜〜〜〜〜〜〜〜〜〜〜〜〜〜〜〜_⛴( 0)_⛴〜〜〜〜〜〜〜〜
 〜〜〜〜〜〜〜〜〜〜〜〜〜〜〜〜〜〜31.....30〜〜〜〜〜〜〜
 〜〜〜〜〜〜〜〜〜〜〜〜〜〜〜〜〜〜_X( 0)_⛴〜〜⛴〜〜〜〜〜
 〜〜〜〜〜〜〜〜〜〜〜〜〜〜〜〜〜〜.......31〜30〜〜〜〜
 〜〜〜〜〜〜〜〜〜〜〜〜〜〜〜〜〜〜_X( 0)_〜〜〜⛴〜〜⛴〜〜
 〜〜〜〜〜〜〜〜〜〜〜〜〜〜〜〜〜〜.......〜〜〜31〜30〜
 〜〜〜〜〜〜〜〜〜〜〜〜〜〜〜〜〜〜_X( 0)_〜〜〜〜〜〜⛴〜〜
 〜〜〜〜〜〜〜〜〜〜〜〜〜〜〜〜〜〜.......〜〜〜〜〜〜31〜
 〜〜〜〜〜〜〜〜〜〜〜〜〜〜〜〜〜〜_X( 0)_〜〜〜〜〜〜〜〜〜
 〜〜〜〜〜〜〜〜〜〜〜〜〜〜〜〜〜〜.......〜〜〜〜〜〜〜〜〜
 
 1) Add Default Boat
 2) Update One Tick
 3) Update X Ticks
 4) Show Section Details
 5) Add Boat
 6) Make Tester
 7) Make New Simulator
 0) Quit
 
 Choice:> [34m[01m0[0m
 