〜〜〜〜〜〜〜〜〜〜〜〜〜〜〜〜〜〜_X( 0)_〜〜〜〜〜〜〜〜〜
 〜〜〜〜〜〜〜〜〜〜〜〜〜〜〜〜〜〜.......〜〜〜〜〜〜〜〜〜
 
 1) Add Default Boat
 2) Update One Tick
 3) Update X Ticks
 4) Show Section Details
 5) Add Boat
 6) Make Tester
 7) Make New Simulator
 0) Quit
 
 Choice:> [34m[01m2[0m
〜〜〜〜〜〜〜〜〜〜〜〜〜〜〜〜〜〜_X( 0)_〜〜〜〜〜〜〜〜〜
 〜〜〜〜〜〜〜〜〜〜〜〜〜〜〜〜〜〜.......〜〜〜〜〜〜〜〜〜
 
 1) Add Default Boat
 2) Update One Tick
 3) Update X Ticks
 4) Show Section Details
 5) Add Boat
 6) Make Tester
 7) Make New Simulator
 0) Quit
 
 Choice:> [34m[01m1[0m
⛴〜〜〜〜〜〜〜〜〜〜〜〜〜〜〜〜〜_X( 0)_〜〜〜〜〜〜〜〜〜
 4〜〜〜〜〜〜〜〜〜〜〜〜〜〜〜〜〜.......〜〜〜〜〜〜〜〜〜
 
 1) Add Default Boat
 2) Update One Tick
 3) Update X Ticks
 4) Show Section Details
 5) Add Boat
 6) Make Tester
 7) Make New Simulator
 0) Quit
 
 Choice:> [34m[01m2[0m
〜〜〜⛴〜〜〜〜〜〜〜〜〜〜〜〜〜〜_X( 0)_〜〜〜〜〜〜〜〜〜
 〜〜〜4〜〜〜〜〜〜〜〜〜〜〜〜〜〜.......〜〜〜〜〜〜〜〜〜
 
 1) Add Default Boat
 2) Update One Tick
 3) Update X Ticks
 4) Show Section Details
 5) Add Boat
 6) Make Tester
 7) Make New Simulator
 0) Quit
 
 Choice:> [34m[01m1[0m
⛴〜〜⛴〜〜〜〜〜〜〜〜〜〜〜〜〜〜_X( 0)_〜〜〜〜〜〜〜〜〜
 5〜〜4〜〜〜〜〜〜〜〜〜〜〜〜〜〜.......〜〜〜〜〜〜〜〜〜
 
 1) Add Default Boat
 2) Update One Tick
 3) Update X Ticks
 4) Show Section Details
 5) Add Boat
 6) Make Tester
 7) Make New Simulator
 0) Quit
 
 Choice:> [34m[01m2[0m
〜〜〜⛴〜〜⛴〜〜〜〜〜〜〜〜〜〜〜_X( 0)_〜〜〜〜〜〜〜〜〜
 〜〜〜5〜〜4〜〜〜〜〜〜〜〜〜〜〜.......〜〜〜〜〜〜〜〜〜
 
 1) Add Default Boat
 2) Update One Tick
 3) Update X Ticks
 4) Show Section Details
 5) Add Boat
 6) Make Tester
 7) Make New Simulator
 0) Quit
 
 Choice:> [34m[01m1[0m
⛴〜〜⛴〜〜⛴〜〜〜〜〜〜〜〜〜〜〜_X( 0)_〜〜〜〜〜〜〜〜〜
 6〜〜5〜〜4〜〜〜〜〜〜〜〜〜〜〜.......〜〜〜〜〜〜〜〜〜
 
 1) Add Default Boat
 2) Update One Tick
 3) Update X Ticks
 4) Show Section Details
 5) Add Boat
 6) Make Tester
 7) Make New Simulator
 0) Quit
 
 Choice:> [34m[01m2[0m
〜〜〜⛴〜〜⛴〜〜⛴〜〜〜〜〜〜〜〜_X( 0)_〜〜〜〜〜〜〜〜〜
 〜〜〜6〜〜5〜〜4〜〜〜〜〜〜〜〜.......〜〜〜〜〜〜〜〜〜
 
 1) Add Default Boat
 2) Update One Tick
 3) Update X Ticks
 4) Show Section Details
 5) Add Boat
 6) Make Tester
 7) Make New Simulator
 0) Quit
 
 Choice:> [34m[01m1[0m
⛴〜〜⛴〜〜⛴〜〜⛴〜〜〜〜〜〜〜〜_X( 0)_〜〜〜〜〜〜〜〜〜
 7〜〜6〜〜5〜〜4〜〜〜〜〜〜〜〜.......〜〜〜〜〜〜〜〜〜
 
 1) Add Default Boat
 2) Update One Tick
 3) Update X Ticks
 4) Show Section Details
 5) Add Boat
 6) Make Tester
 7) Make New Simulator
 0) Quit
 
 Choice:> [34m[01m2[0m
〜〜〜⛴〜〜⛴〜〜⛴〜〜⛴〜〜〜〜〜_X( 0)_〜〜〜〜〜〜〜〜〜
 〜〜〜7〜〜6〜〜5〜〜4〜〜〜〜〜.......〜〜〜〜〜〜〜〜〜
 
 1) Add Default Boat
 2) Update One Tick
 3) Update X Ticks
 4) Show Section Details
 5) Add Boat
 6) Make Tester
 7) Make New Simulator
 0) Quit
 
 Choice:> [34m[01m1[0m
⛴〜〜⛴〜〜⛴〜〜⛴〜〜⛴〜〜〜〜〜_X( 0)_〜〜〜〜〜〜〜〜〜
 8〜〜7〜〜6〜〜5〜〜4〜〜〜〜〜.......〜〜〜〜〜〜〜〜〜
 
 1) Add Default Boat
 2) Update One Tick
 3) Update X Ticks
 4) Show Section Details
 5) Add Boat
 6) Make Tester
 7) Make New Simulator
 0) Quit
 
 Choice:> [34m[01m2[0m
〜〜〜⛴〜〜⛴〜〜⛴〜〜⛴〜〜⛴〜〜_X( 0)_〜〜〜〜〜〜〜〜〜
 〜〜〜8〜〜7〜〜6〜〜5〜〜4〜〜.......〜〜〜〜〜〜〜〜〜
 
 1) Add Default Boat
 2) Update One Tick
 3) Update X Ticks
 4) Show Section Details
 5) Add Boat
 6) Make Tester
 7) Make New Simulator
 0) Quit
 
 Choice:> [34m[01m1[0m
⛴〜〜⛴〜〜⛴〜〜⛴〜〜⛴〜〜⛴〜〜_X( 0)_〜〜〜〜〜〜〜〜〜
 9〜〜8〜〜7〜〜6〜〜5〜〜4〜〜.......〜〜〜〜〜〜〜〜〜
 
 1) Add Default Boat
 2) Update One Tick
 3) Update X Ticks
 4) Show Section Details
 5) Add Boat
 6) Make Tester
 7) Make New Simulator
 0) Quit
 
 Choice:> [34m[01m2[0m
〜〜〜⛴〜〜⛴〜〜⛴〜〜⛴〜〜⛴〜〜_⛴( 0)_〜〜〜〜〜〜〜〜〜
 〜〜〜9〜〜8〜〜7〜〜6〜〜5〜〜4......〜〜〜〜〜〜〜〜〜
 
 1) Add Default Boat
 2) Update One Tick
 3) Update X Ticks
 4) Show Section Details
 5) Add Boat
 6) Make Tester
 7) Make New Simulator
 0) Quit
 
 Choice:> [34m[01m1[0m
⛴〜〜⛴〜〜⛴〜〜⛴〜〜⛴〜〜⛴〜〜_⛴( 0)_〜〜〜〜〜〜〜〜〜
 10〜9〜〜8〜〜7〜〜6〜〜5〜〜4......〜〜〜〜〜〜〜〜〜
 
 1) Add Default Boat
 2) Update One Tick
 3) Update X Ticks
 4) Show Section Details
 5) Add Boat
 6) Make Tester
 7) Make New Simulator
 0) Quit
 
 Choice:> [34m[01m2[0m
〜〜〜⛴〜〜⛴〜〜⛴〜〜⛴〜〜⛴〜〜_⛴( 0)_⛴〜〜〜〜〜〜〜〜
 〜〜〜10〜9〜〜8〜〜7〜〜6〜〜5......4〜〜〜〜〜〜〜〜
 
 1) Add Default Boat
 2) Update One Tick
 3) Update X Ticks
 4) Show Section Details
 5) Add Boat
 6) Make Tester
 7) Make New Simulator
 0) Quit
 
 Choice:> [34m[01m1[0m
⛴〜〜⛴〜〜⛴〜〜⛴〜〜⛴〜〜⛴〜〜_⛴( 0)_⛴〜〜〜〜〜〜〜〜
 11〜10〜9〜〜8〜〜7〜〜6〜〜5......4〜〜〜〜〜〜〜〜
 
 1) Add Default Boat
 2) Update One Tick
 3) Update X Ticks
 4) Show Section Details
 5) Add Boat
 6) Make Tester
 7) Make New Simulator
 0) Quit
 
 Choice:> [34m[01m2[0m
〜〜〜⛴〜〜⛴〜〜⛴〜〜⛴〜〜⛴〜〜_⛴( 0)_⛴〜〜⛴〜〜〜〜〜
 〜〜〜11〜10〜9〜〜8〜〜7〜〜6......5〜〜4〜〜〜〜〜
 
 1) Add Default Boat
 2) Update One Tick
 3) Update X Ticks
 4) Show Section Details
 5) Add Boat
 6) Make Tester
 7) Make New Simulator
 0) Quit
 
 Choice:> [34m[01m1[0m
⛴〜〜⛴〜〜⛴〜〜⛴〜〜⛴〜〜⛴〜〜_⛴( 0)_⛴〜〜⛴〜〜〜〜〜
 12〜11〜10〜9〜〜8〜〜7〜〜6......5〜〜4〜〜〜〜〜
 
 1) Add Default Boat
 2) Update One Tick
 3) Update X Ticks
 4) Show Section Details
 5) Add Boat
 6) Make Tester
 7) Make New Simulator
 0) Quit
 
 Choice:> [34m[01m2[0m
〜〜〜⛴〜〜⛴〜〜⛴〜〜⛴〜〜⛴〜〜_⛴( 0)_⛴〜〜⛴〜〜⛴〜〜
 〜〜〜12〜11〜10〜9〜〜8〜〜7......6〜〜5〜〜4〜〜
 
 1) Add Default Boat
 2) Update One Tick
 3) Update X Ticks
 4) Show Section Details
 5) Add Boat
 6) Make Tester
 7) Make New Simulator
 0) Quit
 
 Choice:> [34m[01m1[0m
⛴〜〜⛴〜〜⛴〜〜⛴〜〜⛴〜〜⛴〜〜_⛴( 0)_⛴〜〜⛴〜〜⛴〜〜
 13〜12〜11〜10〜9〜〜8〜〜7......6〜〜5〜〜4〜〜
 
 1) Add Default Boat
 2) Update One Tick
 3) Update X Ticks
 4) Show Section Details
 5) Add Boat
 6) Make Tester
 7) Make New Simulator
 0) Quit
 
 Choice:> [34m[01m2[0m
〜〜〜⛴〜〜⛴〜〜⛴〜〜⛴〜〜⛴〜〜_⛴( 0)_⛴〜〜⛴〜〜⛴〜〜
 〜〜〜13〜12〜11〜10〜9〜〜8......7〜〜6〜〜5〜〜
 
 1) Add Default Boat
 2) Update One Tick
 3) Update X Ticks
 4) Show Section Details
 5) Add Boat
 6) Make Tester
 7) Make New Simulator
 0) Quit
 
 Choice:> [34m[01m2[0m
〜〜〜〜〜〜⛴〜〜⛴〜〜⛴〜〜⛴〜〜_⛴( 0)_⛴〜〜⛴〜〜⛴〜〜
 〜〜〜〜〜〜13〜12〜11〜10〜9......8〜〜7〜〜6〜〜
 
 1) Add Default Boat
 2) Update One Tick
 3) Update X Ticks
 4) Show Section Details
 5) Add Boat
 6) Make Tester
 7) Make New Simulator
 0) Quit
 
 Choice:> [34m[01m2[0m
〜〜〜〜〜〜〜〜〜⛴〜〜⛴〜〜⛴〜〜_⛴( 0)_⛴〜〜⛴〜〜⛴〜〜
 〜〜〜〜〜〜〜〜〜13〜12〜11〜10.....9〜〜8〜〜7〜〜
 
 1) Add Default Boat
 2) Update One Tick
 3) Update X Ticks
 4) Show Section Details
 5) Add Boat
 6) Make Tester
 7) Make New Simulator
 0) Quit
 
 Choice:> [34m[01m1[0m
⛴〜〜〜〜〜〜〜〜⛴〜〜⛴〜〜⛴〜〜_⛴( 0)_⛴〜〜⛴〜〜⛴〜〜
 14〜〜〜〜〜〜〜13〜12〜11〜10.....9〜〜8〜〜7〜〜
 
 1) Add Default Boat
 2) Update One Tick
 3) Update X Ticks
 4) Show Section Details
 5) Add Boat
 6) Make Tester
 7) Make New Simulator
 0) Quit
 
 Choice:> [34m[01m2[0m
〜〜〜⛴〜〜〜〜〜〜〜〜⛴〜〜⛴〜〜_⛴( 0)_⛴〜〜⛴〜〜⛴〜〜
 〜〜〜14〜〜〜〜〜〜〜13〜12〜11.....10〜9〜〜8〜〜
 
 1) Add Default Boat
 2) Update One Tick
 3) Update X Ticks
 4) Show Section Details
 5) Add Boat
 6) Make Tester
 7) Make New Simulator
 0) Quit
 
 Choice:> [34m[01m2[0m
〜〜〜〜〜〜⛴〜〜〜〜〜〜〜〜⛴〜〜_⛴( 0)_⛴〜〜⛴〜〜⛴〜〜
 〜〜〜〜〜〜14〜〜〜〜〜〜〜13〜12.....11〜10〜9〜〜
 
 1) Add Default Boat
 2) Update One Tick
 3) Update X Ticks
 4) Show Section Details
 5) Add Boat
 6) Make Tester
 7) Make New Simulator
 0) Quit
 
 Choice:> [34m[01m2[0m
〜〜〜〜〜〜〜〜〜⛴〜〜〜〜〜〜〜〜_⛴( 0)_⛴〜〜⛴〜〜⛴〜〜
 〜〜〜〜〜〜〜〜〜14〜〜〜〜〜〜〜13.....12〜11〜10〜
 
 1) Add Default Boat
 2) Update One Tick
 3) Update X Ticks
 4) Show Section Details
 5) Add Boat
 6) Make Tester
 7) Make New Simulator
 0) Quit
 
 Choice:> [34m[01m2[0m
〜〜〜〜〜〜〜〜〜〜〜〜⛴〜〜〜〜〜_X( 0)_⛴〜〜⛴〜〜⛴〜〜
 〜〜〜〜〜〜〜〜〜〜〜〜14〜〜〜〜.......13〜12〜11〜
 
 1) Add Default Boat
 2) Update One Tick
 3) Update X Ticks
 4) Show Section Details
 5) Add Boat
 6) Make Tester
 7) Make New Simulator
 0) Quit
 
 Choice:> [34m[01m2[0m
〜〜〜〜〜〜〜〜〜〜〜〜〜〜〜⛴〜〜_X( 0)_〜〜〜⛴〜〜⛴〜〜
 〜〜〜〜〜〜〜〜〜〜〜〜〜〜〜14〜.......〜〜〜13〜12〜
 
 1) Add Default Boat
 2) Update One Tick
 3) Update X Ticks
 4) Show Section Details
 5) Add Boat
 6) Make Tester
 7) Make New Simulator
 0) Quit
 
 Choice:> [34m[01m2[0m
〜〜〜〜〜〜〜〜〜〜〜〜〜〜〜〜〜〜_⛴( 0)_〜〜〜〜〜〜⛴〜〜
 〜〜〜〜〜〜〜〜〜〜〜〜〜〜〜〜〜〜14.....〜〜〜〜〜〜13〜
 
 1) Add Default Boat
 2) Update One Tick
 3) Update X Ticks
 4) Show Section Details
 5) Add Boat
 6) Make Tester
 7) Make New Simulator
 0) Quit
 
 Choice:> [34m[01m2[0m
〜〜〜〜〜〜〜〜〜〜〜〜〜〜〜〜〜〜_X( 0)_⛴〜〜〜〜〜〜〜〜
 〜〜〜〜〜〜〜〜〜〜〜〜〜〜〜〜〜〜.......14〜〜〜〜〜〜〜
 
 1) Add Default Boat
 2) Update One Tick
 3) Update X Ticks
 4) Show Section Details
 5) Add Boat
 6) Make Tester
 7) Make New Simulator
 0) Quit
 
 Choice:> [34m[01m2[0m
〜〜〜〜〜〜〜〜〜〜〜〜〜〜〜〜〜〜_X( 0)_〜〜〜⛴〜〜〜〜〜
 〜〜〜〜〜〜〜〜〜〜〜〜〜〜〜〜〜〜.......〜〜〜14〜〜〜〜
 
 1) Add Default Boat
 2) Update One Tick
 3) Update X Ticks
 4) Show Section Details
 5) Add Boat
 6) Make Tester
 7) Make New Simulator
 0) Quit
 
 Choice:> [34m[01m2[0m
〜〜〜〜〜〜〜〜〜〜〜〜〜〜〜〜〜〜_X( 0)_〜〜〜〜〜〜⛴〜〜
 〜〜〜〜〜〜〜〜〜〜〜〜〜〜〜〜〜〜.......〜〜〜〜〜〜14〜
 
 1) Add Default Boat
 2) Update One Tick
 3) Update X Ticks
 4) Show Section Details
 5) Add Boat
 6) Make Tester
 7) Make New Simulator
 0) Quit
 
 Choice:> [34m[01m2[0m
〜〜〜〜〜〜〜〜〜〜〜〜〜〜〜〜〜〜_X( 0)_〜〜〜〜〜〜〜〜〜
 〜〜〜〜〜〜〜〜〜〜〜〜〜〜〜〜〜〜.......〜〜〜〜〜〜〜〜〜
 
 1) Add Default Boat
 2) Update One Tick
 3) Update X Ticks
 4) Show Section Details
 5) Add Boat
 6) Make Tester
 7) Make New Simulator
 0) Quit
 
 Choice:> [34m[01m2[0m
〜〜〜〜〜〜〜〜〜〜〜〜〜〜〜〜〜〜_X( 0)_〜〜〜〜〜〜〜〜〜
 〜〜〜〜〜〜〜〜〜〜〜〜〜〜〜〜〜〜.......〜〜〜〜〜〜〜〜〜
 
 1) Add Default Boat
 2) Update One Tick
 3) Update X Ticks
 4) Show Section Details
 5) Add Boat
 6) Make Tester
 7) Make New Simulator
 0) Quit
 
 Choice:> [34m[01m0[0m
 