〜〜〜〜〜〜〜〜〜〜〜〜〜〜〜〜〜〜_X( 0)_〜〜〜〜〜〜〜〜〜
 〜〜〜〜〜〜〜〜〜〜〜〜〜〜〜〜〜〜.......〜〜〜〜〜〜〜〜〜
 
 1) Add Default Boat
 2) Update One Tick
 3) Update X Ticks
 4) Show Section Details
 5) Add Boat
 6) Make Tester
 7) Make New Simulator
 0) Quit
 
 Choice:> [34m[01m-2[0m
Input an option in the range 0-7
 
 1) Add Default Boat
 2) Update One Tick
 3) Update X Ticks
 4) Show Section Details
 5) Add Boat
 6) Make Tester
 7) Make New Simulator
 0) Quit
 
 Choice:> [34m[01m8[0m
Input an option in the range 0-7
 
 1) Add Default Boat
 2) Update One Tick
 3) Update X Ticks
 4) Show Section Details
 5) Add Boat
 6) Make Tester
 7) Make New Simulator
 0) Quit
 
 Choice:> [34m[01ma[0m
Please, input a positive integer
 
 1) Add Default Boat
 2) Update One Tick
 3) Update X Ticks
 4) Show Section Details
 5) Add Boat
 6) Make Tester
 7) Make New Simulator
 0) Quit
 
 Choice:> [34m[01m0[0m
 