〜〜〜〜〜〜〜〜〜〜〜〜〜〜〜〜〜〜_X( 0)_〜〜〜〜〜〜〜〜〜
〜〜〜〜〜〜〜〜〜〜〜〜〜〜〜〜〜〜.......〜〜〜〜〜〜〜〜〜

1) Add Default Boat
2) Update One Tick
3) Update X Ticks
4) Show Section Details
5) Add Boat
6) Make Tester
7) Make New Simulator
0) Quit

Choice:> Section 1
Boats: 0 Flow: 0

Section 2
Boats: 0 Flow: 1


1) Add Default Boat
2) Update One Tick
3) Update X Ticks
4) Show Section Details
5) Add Boat
6) Make Tester
7) Make New Simulator
0) Quit

Choice:> ⛴〜〜〜〜〜〜〜〜〜〜〜〜〜〜〜〜〜_X( 0)_〜〜〜〜〜〜〜〜〜
19〜〜〜〜〜〜〜〜〜〜〜〜〜〜〜〜.......〜〜〜〜〜〜〜〜〜

1) Add Default Boat
2) Update One Tick
3) Update X Ticks
4) Show Section Details
5) Add Boat
6) Make Tester
7) Make New Simulator
0) Quit

Choice:> 〜〜〜⛴〜〜〜〜〜〜〜〜〜〜〜〜〜〜_X( 0)_〜〜〜〜〜〜〜〜〜
〜〜〜19〜〜〜〜〜〜〜〜〜〜〜〜〜.......〜〜〜〜〜〜〜〜〜

1) Add Default Boat
2) Update One Tick
3) Update X Ticks
4) Show Section Details
5) Add Boat
6) Make Tester
7) Make New Simulator
0) Quit

Choice:> Section 1
Boats: 1 Flow: 0

Section 2
Boats: 0 Flow: 1


1) Add Default Boat
2) Update One Tick
3) Update X Ticks
4) Show Section Details
5) Add Boat
6) Make Tester
7) Make New Simulator
0) Quit

Choice:> 〜〜〜〜〜〜⛴〜〜〜〜〜〜〜〜〜〜〜_X( 0)_〜〜〜〜〜〜〜〜〜
〜〜〜〜〜〜19〜〜〜〜〜〜〜〜〜〜.......〜〜〜〜〜〜〜〜〜

1) Add Default Boat
2) Update One Tick
3) Update X Ticks
4) Show Section Details
5) Add Boat
6) Make Tester
7) Make New Simulator
0) Quit

Choice:> Section 1
Boats: 1 Flow: 0

Section 2
Boats: 0 Flow: 1


1) Add Default Boat
2) Update One Tick
3) Update X Ticks
4) Show Section Details
5) Add Boat
6) Make Tester
7) Make New Simulator
0) Quit

Choice:> ⛴〜〜〜〜〜⛴〜〜〜〜〜〜〜〜〜〜〜_X( 0)_〜〜〜〜〜〜〜〜〜
20〜〜〜〜19〜〜〜〜〜〜〜〜〜〜.......〜〜〜〜〜〜〜〜〜

1) Add Default Boat
2) Update One Tick
3) Update X Ticks
4) Show Section Details
5) Add Boat
6) Make Tester
7) Make New Simulator
0) Quit

Choice:> Section 1
Boats: 2 Flow: 0

Section 2
Boats: 0 Flow: 1


1) Add Default Boat
2) Update One Tick
3) Update X Ticks
4) Show Section Details
5) Add Boat
6) Make Tester
7) Make New Simulator
0) Quit

Choice:> How many updates:> 〜〜〜⛴〜〜〜〜〜⛴〜〜〜〜〜〜〜〜_X( 0)_〜〜〜〜〜〜〜〜〜
〜〜〜20〜〜〜〜19〜〜〜〜〜〜〜.......〜〜〜〜〜〜〜〜〜

〜〜〜〜〜〜⛴〜〜〜〜〜⛴〜〜〜〜〜_X( 0)_〜〜〜〜〜〜〜〜〜
〜〜〜〜〜〜20〜〜〜〜19〜〜〜〜.......〜〜〜〜〜〜〜〜〜

〜〜〜〜〜〜〜〜〜⛴〜〜〜〜〜⛴〜〜_X( 0)_〜〜〜〜〜〜〜〜〜
〜〜〜〜〜〜〜〜〜20〜〜〜〜19〜.......〜〜〜〜〜〜〜〜〜

〜〜〜〜〜〜〜〜〜〜〜〜⛴〜〜〜〜〜_⛴( 0)_〜〜〜〜〜〜〜〜〜
〜〜〜〜〜〜〜〜〜〜〜〜20〜〜〜〜19.....〜〜〜〜〜〜〜〜〜


1) Add Default Boat
2) Update One Tick
3) Update X Ticks
4) Show Section Details
5) Add Boat
6) Make Tester
7) Make New Simulator
0) Quit

Choice:> Section 1
Boats: 1 Flow: 0

Section 2
Boats: 0 Flow: 1


1) Add Default Boat
2) Update One Tick
3) Update X Ticks
4) Show Section Details
5) Add Boat
6) Make Tester
7) Make New Simulator
0) Quit

Choice:> 〜〜〜〜〜〜〜〜〜〜〜〜〜〜〜⛴〜〜_X( 0)_⛴〜〜〜〜〜〜〜〜
〜〜〜〜〜〜〜〜〜〜〜〜〜〜〜20〜.......19〜〜〜〜〜〜〜

1) Add Default Boat
2) Update One Tick
3) Update X Ticks
4) Show Section Details
5) Add Boat
6) Make Tester
7) Make New Simulator
0) Quit

Choice:> Section 1
Boats: 1 Flow: 0

Section 2
Boats: 1 Flow: 1


1) Add Default Boat
2) Update One Tick
3) Update X Ticks
4) Show Section Details
5) Add Boat
6) Make Tester
7) Make New Simulator
0) Quit

Choice:> ⛴〜〜〜〜〜〜〜〜〜〜〜〜〜〜⛴〜〜_X( 0)_⛴〜〜〜〜〜〜〜〜
21〜〜〜〜〜〜〜〜〜〜〜〜〜20〜.......19〜〜〜〜〜〜〜

1) Add Default Boat
2) Update One Tick
3) Update X Ticks
4) Show Section Details
5) Add Boat
6) Make Tester
7) Make New Simulator
0) Quit

Choice:> 〜〜〜⛴〜〜〜〜〜〜〜〜〜〜〜〜〜〜_⛴( 0)_〜〜〜⛴〜〜〜〜〜
〜〜〜21〜〜〜〜〜〜〜〜〜〜〜〜〜20.....〜〜〜19〜〜〜〜

1) Add Default Boat
2) Update One Tick
3) Update X Ticks
4) Show Section Details
5) Add Boat
6) Make Tester
7) Make New Simulator
0) Quit

Choice:> ⛴〜〜⛴〜〜〜〜〜〜〜〜〜〜〜〜〜〜_⛴( 0)_〜〜〜⛴〜〜〜〜〜
22〜21〜〜〜〜〜〜〜〜〜〜〜〜〜20.....〜〜〜19〜〜〜〜

1) Add Default Boat
2) Update One Tick
3) Update X Ticks
4) Show Section Details
5) Add Boat
6) Make Tester
7) Make New Simulator
0) Quit

Choice:> 〜〜〜⛴〜〜⛴〜〜〜〜〜〜〜〜〜〜〜_X( 0)_⛴〜〜〜〜〜⛴〜〜
〜〜〜22〜21〜〜〜〜〜〜〜〜〜〜.......20〜〜〜〜19〜

1) Add Default Boat
2) Update One Tick
3) Update X Ticks
4) Show Section Details
5) Add Boat
6) Make Tester
7) Make New Simulator
0) Quit

Choice:> ⛴〜〜⛴〜〜⛴〜〜〜〜〜〜〜〜〜〜〜_X( 0)_⛴〜〜〜〜〜⛴〜〜
23〜22〜21〜〜〜〜〜〜〜〜〜〜.......20〜〜〜〜19〜

1) Add Default Boat
2) Update One Tick
3) Update X Ticks
4) Show Section Details
5) Add Boat
6) Make Tester
7) Make New Simulator
0) Quit

Choice:> Section 1
Boats: 3 Flow: 0

Section 2
Boats: 2 Flow: 1


1) Add Default Boat
2) Update One Tick
3) Update X Ticks
4) Show Section Details
5) Add Boat
6) Make Tester
7) Make New Simulator
0) Quit

Choice:> 