〜〜〜〜〜〜〜〜〜〜〜〜〜〜〜〜〜〜_X( 0)_〜〜〜〜〜〜〜〜〜
 〜〜〜〜〜〜〜〜〜〜〜〜〜〜〜〜〜〜.......〜〜〜〜〜〜〜〜〜
 
 1) Add Default Boat
 2) Update One Tick
 3) Update X Ticks
 4) Show Section Details
 5) Add Boat
 6) Make Tester
 7) Make New Simulator
 0) Quit
 
 Choice:> [34m[01m6[0m
〜〜〜〜〜〜〜〜〜〜〜〜〜〜〜_X( 0)_〜〜〜〜〜〜〜〜〜〜〜〜〜〜〜〜〜〜_X( 0)_〜〜〜〜〜〜〜〜〜_X( 0)_
 〜〜〜〜〜〜〜〜〜〜〜〜〜〜〜.......〜〜〜〜〜〜〜〜〜〜〜〜〜〜〜〜〜〜.......〜〜〜〜〜〜〜〜〜.......
 
 1) Add Default Boat
 2) Update One Tick
 3) Update X Ticks
 4) Show Section Details
 5) Add Boat
 6) Make Tester
 7) Make New Simulator
 0) Quit
 
 Choice:> [34m[01m4[0m
Section 1
 Boats:> [34m[01m5[0m
0 Flow:> [34m[01m2[0m
0
 
 Section 2
 Boats:> [34m[01m2[0m
0 Flow:> [34m[01m2[0m
2
 
 Section 3
 Boats:> [34m[01m1[0m
0 Flow:> [34m[01m3[0m
3
 
 
 1) Add Default Boat
 2) Update One Tick
 3) Update X Ticks
 4) Show Section Details
 5) Add Boat
 6) Make Tester
 7) Make New Simulator
 0) Quit
 
 Choice:> [34m[01m8[0m
What engine power:> [34m[01m0[0m
What travel method. (1) Steady or (2) Max :> [34m[01mNULL[0m
⛴〜〜〜〜〜〜〜〜〜〜〜〜〜〜_X( 0)_〜〜〜〜〜〜〜〜〜〜〜〜〜〜〜〜〜〜_X( 0)_〜〜〜〜〜〜〜〜〜_X( 0)_
 32〜〜〜〜〜〜〜〜〜〜〜〜〜.......〜〜〜〜〜〜〜〜〜〜〜〜〜〜〜〜〜〜.......〜〜〜〜〜〜〜〜〜.......
 
 1) Add Default Boat
 2) Update One Tick
 3) Update X Ticks
 4) Show Section Details
 5) Add Boat
 6) Make Tester
 7) Make New Simulator
 0) Quit
 
 Choice:> [34m[01mNULL[0m
〜〜〜〜〜〜⛴〜〜〜〜〜〜〜〜_X( 0)_〜〜〜〜〜〜〜〜〜〜〜〜〜〜〜〜〜〜_X( 0)_〜〜〜〜〜〜〜〜〜_X( 0)_
 〜〜〜〜〜〜32〜〜〜〜〜〜〜.......〜〜〜〜〜〜〜〜〜〜〜〜〜〜〜〜〜〜.......〜〜〜〜〜〜〜〜〜.......
 
 1) Add Default Boat
 2) Update One Tick
 3) Update X Ticks
 4) Show Section Details
 5) Add Boat
 6) Make Tester
 7) Make New Simulator
 0) Quit
 
 Choice:> [34m[01mNULL[0m
⛴〜〜〜〜〜⛴〜〜〜〜〜〜〜〜_X( 0)_〜〜〜〜〜〜〜〜〜〜〜〜〜〜〜〜〜〜_X( 0)_〜〜〜〜〜〜〜〜〜_X( 0)_
 33〜〜〜〜32〜〜〜〜〜〜〜.......〜〜〜〜〜〜〜〜〜〜〜〜〜〜〜〜〜〜.......〜〜〜〜〜〜〜〜〜.......
 
 1) Add Default Boat
 2) Update One Tick
 3) Update X Ticks
 4) Show Section Details
 5) Add Boat
 6) Make Tester
 7) Make New Simulator
 0) Quit
 
 Choice:> [34m[01mNULL[0m
How many updates:> [34m[01mNULL[0m
〜〜〜⛴〜〜〜〜〜〜〜〜⛴〜〜_X( 0)_〜〜〜〜〜〜〜〜〜〜〜〜〜〜〜〜〜〜_X( 0)_〜〜〜〜〜〜〜〜〜_X( 0)_
 〜〜〜33〜〜〜〜〜〜〜32〜.......〜〜〜〜〜〜〜〜〜〜〜〜〜〜〜〜〜〜.......〜〜〜〜〜〜〜〜〜.......
 
 〜〜〜〜〜〜⛴〜〜〜〜〜〜〜〜_⛴( 0)_〜〜〜〜〜〜〜〜〜〜〜〜〜〜〜〜〜〜_X( 0)_〜〜〜〜〜〜〜〜〜_X( 0)_
 〜〜〜〜〜〜33〜〜〜〜〜〜〜32.....〜〜〜〜〜〜〜〜〜〜〜〜〜〜〜〜〜〜.......〜〜〜〜〜〜〜〜〜.......
 
 〜〜〜〜〜〜〜〜〜⛴〜〜〜〜〜_X( 0)_⛴〜〜〜〜〜〜〜〜〜〜〜〜〜〜〜〜〜_X( 0)_〜〜〜〜〜〜〜〜〜_X( 0)_
 〜〜〜〜〜〜〜〜〜33〜〜〜〜.......32〜〜〜〜〜〜〜〜〜〜〜〜〜〜〜〜.......〜〜〜〜〜〜〜〜〜.......
 
 〜〜〜〜〜〜〜〜〜〜〜〜⛴〜〜_X( 0)_〜〜〜⛴〜〜〜〜〜〜〜〜〜〜〜〜〜〜_X( 0)_〜〜〜〜〜〜〜〜〜_X( 0)_
 〜〜〜〜〜〜〜〜〜〜〜〜33〜.......〜〜〜32〜〜〜〜〜〜〜〜〜〜〜〜〜.......〜〜〜〜〜〜〜〜〜.......
 
 〜〜〜〜〜〜〜〜〜〜〜〜〜〜〜_⛴( 0)_〜〜〜〜〜〜⛴〜〜〜〜〜〜〜〜〜〜〜_X( 0)_〜〜〜〜〜〜〜〜〜_X( 0)_
 〜〜〜〜〜〜〜〜〜〜〜〜〜〜〜33.....〜〜〜〜〜〜32〜〜〜〜〜〜〜〜〜〜.......〜〜〜〜〜〜〜〜〜.......
 
 〜〜〜〜〜〜〜〜〜〜〜〜〜〜〜_X( 0)_⛴〜〜〜〜〜〜〜〜⛴〜〜〜〜〜〜〜〜_X( 0)_〜〜〜〜〜〜〜〜〜_X( 0)_
 〜〜〜〜〜〜〜〜〜〜〜〜〜〜〜.......33〜〜〜〜〜〜〜32〜〜〜〜〜〜〜.......〜〜〜〜〜〜〜〜〜.......
 
 〜〜〜〜〜〜〜〜〜〜〜〜〜〜〜_X( 0)_〜〜〜⛴〜〜〜〜〜〜〜〜⛴〜〜〜〜〜_X( 0)_〜〜〜〜〜〜〜〜〜_X( 0)_
 〜〜〜〜〜〜〜〜〜〜〜〜〜〜〜.......〜〜〜33〜〜〜〜〜〜〜32〜〜〜〜.......〜〜〜〜〜〜〜〜〜.......
 
 〜〜〜〜〜〜〜〜〜〜〜〜〜〜〜_X( 0)_〜〜〜〜〜〜⛴〜〜〜〜〜〜〜〜⛴〜〜_X( 0)_〜〜〜〜〜〜〜〜〜_X( 0)_
 〜〜〜〜〜〜〜〜〜〜〜〜〜〜〜.......〜〜〜〜〜〜33〜〜〜〜〜〜〜32〜.......〜〜〜〜〜〜〜〜〜.......
 
 
 1) Add Default Boat
 2) Update One Tick
 3) Update X Ticks
 4) Show Section Details
 5) Add Boat
 6) Make Tester
 7) Make New Simulator
 0) Quit
 
 Choice:> [34m[01mNULL[0m
 