〜〜〜〜〜〜〜〜〜〜〜〜〜〜〜〜〜〜_X( 0)_〜〜〜〜〜〜〜〜〜
〜〜〜〜〜〜〜〜〜〜〜〜〜〜〜〜〜〜.......〜〜〜〜〜〜〜〜〜

1) Add Default Boat
2) Update One Tick
3) Update X Ticks
4) Show Section Details
5) Add Boat
6) Make Tester
7) Make New Simulator
0) Quit

Choice:> How many updates:> 〜〜〜〜〜〜〜〜〜〜〜〜〜〜〜〜〜〜_X( 0)_〜〜〜〜〜〜〜〜〜
〜〜〜〜〜〜〜〜〜〜〜〜〜〜〜〜〜〜.......〜〜〜〜〜〜〜〜〜
〜〜〜〜〜〜〜〜〜〜〜〜〜〜〜〜〜〜_X( 0)_〜〜〜〜〜〜〜〜〜
〜〜〜〜〜〜〜〜〜〜〜〜〜〜〜〜〜〜.......〜〜〜〜〜〜〜〜〜

1) Add Default Boat
2) Update One Tick
3) Update X Ticks
4) Show Section Details
5) Add Boat
6) Make Tester
7) Make New Simulator
0) Quit

Choice:> ⛴〜〜〜〜〜〜〜〜〜〜〜〜〜〜〜〜〜_X( 0)_〜〜〜〜〜〜〜〜〜
15〜〜〜〜〜〜〜〜〜〜〜〜〜〜〜〜.......〜〜〜〜〜〜〜〜〜

1) Add Default Boat
2) Update One Tick
3) Update X Ticks
4) Show Section Details
5) Add Boat
6) Make Tester
7) Make New Simulator
0) Quit

Choice:> How many updates:> 〜〜〜⛴〜〜〜〜〜〜〜〜〜〜〜〜〜〜_X( 0)_〜〜〜〜〜〜〜〜〜
〜〜〜15〜〜〜〜〜〜〜〜〜〜〜〜〜.......〜〜〜〜〜〜〜〜〜

1) Add Default Boat
2) Update One Tick
3) Update X Ticks
4) Show Section Details
5) Add Boat
6) Make Tester
7) Make New Simulator
0) Quit

Choice:> How many updates:> 〜〜〜〜〜〜⛴〜〜〜〜〜〜〜〜〜〜〜_X( 0)_〜〜〜〜〜〜〜〜〜
〜〜〜〜〜〜15〜〜〜〜〜〜〜〜〜〜.......〜〜〜〜〜〜〜〜〜
〜〜〜〜〜〜〜〜〜⛴〜〜〜〜〜〜〜〜_X( 0)_〜〜〜〜〜〜〜〜〜
〜〜〜〜〜〜〜〜〜15〜〜〜〜〜〜〜.......〜〜〜〜〜〜〜〜〜

1) Add Default Boat
2) Update One Tick
3) Update X Ticks
4) Show Section Details
5) Add Boat
6) Make Tester
7) Make New Simulator
0) Quit

Choice:> How many updates:> 〜〜〜〜〜〜〜〜〜〜〜〜⛴〜〜〜〜〜_X( 0)_〜〜〜〜〜〜〜〜〜
〜〜〜〜〜〜〜〜〜〜〜〜15〜〜〜〜.......〜〜〜〜〜〜〜〜〜
〜〜〜〜〜〜〜〜〜〜〜〜〜〜〜⛴〜〜_X( 0)_〜〜〜〜〜〜〜〜〜
〜〜〜〜〜〜〜〜〜〜〜〜〜〜〜15〜.......〜〜〜〜〜〜〜〜〜
〜〜〜〜〜〜〜〜〜〜〜〜〜〜〜〜〜〜_⛴( 0)_〜〜〜〜〜〜〜〜〜
〜〜〜〜〜〜〜〜〜〜〜〜〜〜〜〜〜〜15.....〜〜〜〜〜〜〜〜〜

1) Add Default Boat
2) Update One Tick
3) Update X Ticks
4) Show Section Details
5) Add Boat
6) Make Tester
7) Make New Simulator
0) Quit

Choice:> ⛴〜〜〜〜〜〜〜〜〜〜〜〜〜〜〜〜〜_⛴( 0)_〜〜〜〜〜〜〜〜〜
16〜〜〜〜〜〜〜〜〜〜〜〜〜〜〜〜15.....〜〜〜〜〜〜〜〜〜

1) Add Default Boat
2) Update One Tick
3) Update X Ticks
4) Show Section Details
5) Add Boat
6) Make Tester
7) Make New Simulator
0) Quit

Choice:> How many updates:> 〜〜〜⛴〜〜〜〜〜〜〜〜〜〜〜〜〜〜_X( 0)_⛴〜〜〜〜〜〜〜〜
〜〜〜16〜〜〜〜〜〜〜〜〜〜〜〜〜.......15〜〜〜〜〜〜〜
〜〜〜〜〜〜⛴〜〜〜〜〜〜〜〜〜〜〜_X( 0)_〜〜〜⛴〜〜〜〜〜
〜〜〜〜〜〜16〜〜〜〜〜〜〜〜〜〜.......〜〜〜15〜〜〜〜

1) Add Default Boat
2) Update One Tick
3) Update X Ticks
4) Show Section Details
5) Add Boat
6) Make Tester
7) Make New Simulator
0) Quit

Choice:> ⛴〜〜〜〜〜⛴〜〜〜〜〜〜〜〜〜〜〜_X( 0)_〜〜〜⛴〜〜〜〜〜
17〜〜〜〜16〜〜〜〜〜〜〜〜〜〜.......〜〜〜15〜〜〜〜

1) Add Default Boat
2) Update One Tick
3) Update X Ticks
4) Show Section Details
5) Add Boat
6) Make Tester
7) Make New Simulator
0) Quit

Choice:> How many updates:> 〜〜〜⛴〜〜〜〜〜⛴〜〜〜〜〜〜〜〜_X( 0)_〜〜〜〜〜〜⛴〜〜
〜〜〜17〜〜〜〜16〜〜〜〜〜〜〜.......〜〜〜〜〜〜15〜

1) Add Default Boat
2) Update One Tick
3) Update X Ticks
4) Show Section Details
5) Add Boat
6) Make Tester
7) Make New Simulator
0) Quit

Choice:> How many updates:> 〜〜〜〜〜〜⛴〜〜〜〜〜⛴〜〜〜〜〜_X( 0)_〜〜〜〜〜〜〜〜〜
〜〜〜〜〜〜17〜〜〜〜16〜〜〜〜.......〜〜〜〜〜〜〜〜〜
〜〜〜〜〜〜〜〜〜⛴〜〜〜〜〜⛴〜〜_X( 0)_〜〜〜〜〜〜〜〜〜
〜〜〜〜〜〜〜〜〜17〜〜〜〜16〜.......〜〜〜〜〜〜〜〜〜
〜〜〜〜〜〜〜〜〜〜〜〜⛴〜〜〜〜〜_⛴( 0)_〜〜〜〜〜〜〜〜〜
〜〜〜〜〜〜〜〜〜〜〜〜17〜〜〜〜16.....〜〜〜〜〜〜〜〜〜
〜〜〜〜〜〜〜〜〜〜〜〜〜〜〜⛴〜〜_X( 0)_⛴〜〜〜〜〜〜〜〜
〜〜〜〜〜〜〜〜〜〜〜〜〜〜〜17〜.......16〜〜〜〜〜〜〜
〜〜〜〜〜〜〜〜〜〜〜〜〜〜〜〜〜〜_⛴( 0)_〜〜〜⛴〜〜〜〜〜
〜〜〜〜〜〜〜〜〜〜〜〜〜〜〜〜〜〜17.....〜〜〜16〜〜〜〜
〜〜〜〜〜〜〜〜〜〜〜〜〜〜〜〜〜〜_X( 0)_⛴〜〜〜〜〜⛴〜〜
〜〜〜〜〜〜〜〜〜〜〜〜〜〜〜〜〜〜.......17〜〜〜〜16〜
〜〜〜〜〜〜〜〜〜〜〜〜〜〜〜〜〜〜_X( 0)_〜〜〜⛴〜〜〜〜〜
〜〜〜〜〜〜〜〜〜〜〜〜〜〜〜〜〜〜.......〜〜〜17〜〜〜〜
〜〜〜〜〜〜〜〜〜〜〜〜〜〜〜〜〜〜_X( 0)_〜〜〜〜〜〜⛴〜〜
〜〜〜〜〜〜〜〜〜〜〜〜〜〜〜〜〜〜.......〜〜〜〜〜〜17〜
〜〜〜〜〜〜〜〜〜〜〜〜〜〜〜〜〜〜_X( 0)_〜〜〜〜〜〜〜〜〜
〜〜〜〜〜〜〜〜〜〜〜〜〜〜〜〜〜〜.......〜〜〜〜〜〜〜〜〜

1) Add Default Boat
2) Update One Tick
3) Update X Ticks
4) Show Section Details
5) Add Boat
6) Make Tester
7) Make New Simulator
0) Quit

Choice:> ⛴〜〜〜〜〜〜〜〜〜〜〜〜〜〜〜〜〜_X( 0)_〜〜〜〜〜〜〜〜〜
18〜〜〜〜〜〜〜〜〜〜〜〜〜〜〜〜.......〜〜〜〜〜〜〜〜〜

1) Add Default Boat
2) Update One Tick
3) Update X Ticks
4) Show Section Details
5) Add Boat
6) Make Tester
7) Make New Simulator
0) Quit

Choice:> How many updates:> Please, input a positive integer

1) Add Default Boat
2) Update One Tick
3) Update X Ticks
4) Show Section Details
5) Add Boat
6) Make Tester
7) Make New Simulator
0) Quit

Choice:> 