〜〜〜〜〜〜〜〜〜〜〜〜〜〜〜〜〜〜_X( 0)_〜〜〜〜〜〜〜〜〜
〜〜〜〜〜〜〜〜〜〜〜〜〜〜〜〜〜〜.......〜〜〜〜〜〜〜〜〜

1) Add Default Boat
2) Update One Tick
3) Update X Ticks
4) Show Section Details
5) Add Boat
6) Make Tester
7) Make New Simulator
0) Quit

Choice:> Section (1) or Lock (2):> Length:> Flow:> 
Add another component (n to stop):> Section (1) or Lock (2):> Length:> Flow:> 
Add another component (n to stop):> Section (1) or Lock (2):> Fill behavior: None (1), Basic (2), or Fast Empty (3):> Depth:> 
Add another component (n to stop):> Section (1) or Lock (2):> Fill behavior: None (1), Basic (2), or Fast Empty (3):> Depth:> 
Add another component (n to stop):> Section (1) or Lock (2):> Length:> Flow:> 
Add another component (n to stop):> 〜〜〜〜〜〜_X( 0)__X( 0)_〜〜〜
〜〜〜〜〜〜..............〜〜〜

1) Add Default Boat
2) Update One Tick
3) Update X Ticks
4) Show Section Details
5) Add Boat
6) Make Tester
7) Make New Simulator
0) Quit

Choice:> Section 1
Boats: 0 Flow: 1

Section 2
Boats: 0 Flow: 2

Section 3
Boats: 0 Flow: 3


1) Add Default Boat
2) Update One Tick
3) Update X Ticks
4) Show Section Details
5) Add Boat
6) Make Tester
7) Make New Simulator
0) Quit

Choice:> ⛴〜〜〜〜〜_X( 0)__X( 0)_〜〜〜
39〜〜〜〜..............〜〜〜

1) Add Default Boat
2) Update One Tick
3) Update X Ticks
4) Show Section Details
5) Add Boat
6) Make Tester
7) Make New Simulator
0) Quit

Choice:> How many updates:> 〜〜〜⛴〜〜_X( 0)__X( 0)_〜〜〜
〜〜〜39〜..............〜〜〜

〜〜〜〜〜〜_⛴( 0)__X( 0)_〜〜〜
〜〜〜〜〜〜39............〜〜〜

〜〜〜〜〜〜_X( 0)__⛴( 0)_〜〜〜
〜〜〜〜〜〜.......39.....〜〜〜

〜〜〜〜〜〜_X( 0)__X( 0)_⛴〜〜
〜〜〜〜〜〜..............39〜

〜〜〜〜〜〜_X( 0)__X( 0)_〜〜〜
〜〜〜〜〜〜..............〜〜〜

〜〜〜〜〜〜_X( 0)__X( 0)_〜〜〜
〜〜〜〜〜〜..............〜〜〜


1) Add Default Boat
2) Update One Tick
3) Update X Ticks
4) Show Section Details
5) Add Boat
6) Make Tester
7) Make New Simulator
0) Quit

Choice:> Section (1) or Lock (2):> Length:> Flow:> 
Add another component (n to stop):> Section (1) or Lock (2):> Length:> Flow:> 
Add another component (n to stop):> Section (1) or Lock (2):> Length:> Flow:> 
Add another component (n to stop):> 〜〜〜〜〜〜〜〜〜〜〜〜〜〜〜〜〜〜〜〜〜〜〜〜〜〜〜〜〜〜〜〜〜〜〜〜
〜〜〜〜〜〜〜〜〜〜〜〜〜〜〜〜〜〜〜〜〜〜〜〜〜〜〜〜〜〜〜〜〜〜〜〜

1) Add Default Boat
2) Update One Tick
3) Update X Ticks
4) Show Section Details
5) Add Boat
6) Make Tester
7) Make New Simulator
0) Quit

Choice:> Section 1
Boats: 0 Flow: 0

Section 2
Boats: 0 Flow: 1

Section 3
Boats: 0 Flow: 2


1) Add Default Boat
2) Update One Tick
3) Update X Ticks
4) Show Section Details
5) Add Boat
6) Make Tester
7) Make New Simulator
0) Quit

Choice:> What engine power:> What travel method. (1) Steady or (2) Max :> ⛴〜〜〜〜〜〜〜〜〜〜〜〜〜〜〜〜〜〜〜〜〜〜〜〜〜〜〜〜〜〜〜〜〜〜〜
40〜〜〜〜〜〜〜〜〜〜〜〜〜〜〜〜〜〜〜〜〜〜〜〜〜〜〜〜〜〜〜〜〜〜

1) Add Default Boat
2) Update One Tick
3) Update X Ticks
4) Show Section Details
5) Add Boat
6) Make Tester
7) Make New Simulator
0) Quit

Choice:> How many updates:> 〜〜〜〜〜〜〜〜〜⛴〜〜〜〜〜〜〜〜〜〜〜〜〜〜〜〜〜〜〜〜〜〜〜〜〜〜
〜〜〜〜〜〜〜〜〜40〜〜〜〜〜〜〜〜〜〜〜〜〜〜〜〜〜〜〜〜〜〜〜〜〜

〜〜〜〜〜〜〜〜〜〜〜〜⛴〜〜〜〜〜〜〜〜〜〜〜〜〜〜〜〜〜〜〜〜〜〜〜
〜〜〜〜〜〜〜〜〜〜〜〜40〜〜〜〜〜〜〜〜〜〜〜〜〜〜〜〜〜〜〜〜〜〜

〜〜〜〜〜〜〜〜〜〜〜〜〜〜〜〜〜〜⛴〜〜〜〜〜〜〜〜〜〜〜〜〜〜〜〜〜
〜〜〜〜〜〜〜〜〜〜〜〜〜〜〜〜〜〜40〜〜〜〜〜〜〜〜〜〜〜〜〜〜〜〜

〜〜〜〜〜〜〜〜〜〜〜〜〜〜〜〜〜〜〜〜〜⛴〜〜〜〜〜〜〜〜〜〜〜〜〜〜
〜〜〜〜〜〜〜〜〜〜〜〜〜〜〜〜〜〜〜〜〜40〜〜〜〜〜〜〜〜〜〜〜〜〜

〜〜〜〜〜〜〜〜〜〜〜〜〜〜〜〜〜〜〜〜〜〜〜〜⛴〜〜〜〜〜〜〜〜〜〜〜
〜〜〜〜〜〜〜〜〜〜〜〜〜〜〜〜〜〜〜〜〜〜〜〜40〜〜〜〜〜〜〜〜〜〜

〜〜〜〜〜〜〜〜〜〜〜〜〜〜〜〜〜〜〜〜〜〜〜〜〜〜〜⛴〜〜〜〜〜〜〜〜
〜〜〜〜〜〜〜〜〜〜〜〜〜〜〜〜〜〜〜〜〜〜〜〜〜〜〜40〜〜〜〜〜〜〜

〜〜〜〜〜〜〜〜〜〜〜〜〜〜〜〜〜〜〜〜〜〜〜〜〜〜〜〜〜〜⛴〜〜〜〜〜
〜〜〜〜〜〜〜〜〜〜〜〜〜〜〜〜〜〜〜〜〜〜〜〜〜〜〜〜〜〜40〜〜〜〜

〜〜〜〜〜〜〜〜〜〜〜〜〜〜〜〜〜〜〜〜〜〜〜〜〜〜〜〜〜〜〜〜〜⛴〜〜
〜〜〜〜〜〜〜〜〜〜〜〜〜〜〜〜〜〜〜〜〜〜〜〜〜〜〜〜〜〜〜〜〜40〜

〜〜〜〜〜〜〜〜〜〜〜〜〜〜〜〜〜〜〜〜〜〜〜〜〜〜〜〜〜〜〜〜〜〜〜〜
〜〜〜〜〜〜〜〜〜〜〜〜〜〜〜〜〜〜〜〜〜〜〜〜〜〜〜〜〜〜〜〜〜〜〜〜


1) Add Default Boat
2) Update One Tick
3) Update X Ticks
4) Show Section Details
5) Add Boat
6) Make Tester
7) Make New Simulator
0) Quit

Choice:> Section (1) or Lock (2):> Length:> Flow:> 
Add another component (n to stop):> Section (1) or Lock (2):> Fill behavior: None (1), Basic (2), or Fast Empty (3):> Depth:> 
Add another component (n to stop):> Section (1) or Lock (2):> Fill behavior: None (1), Basic (2), or Fast Empty (3):> Depth:> 
Add another component (n to stop):> Section (1) or Lock (2):> Fill behavior: None (1), Basic (2), or Fast Empty (3):> Depth:> 
Add another component (n to stop):> 〜〜〜_X( 0)__X( 0)__X( 0)_
〜〜〜.....................

1) Add Default Boat
2) Update One Tick
3) Update X Ticks
4) Show Section Details
5) Add Boat
6) Make Tester
7) Make New Simulator
0) Quit

Choice:> ⛴〜〜_X( 0)__X( 0)__X( 0)_
41〜.....................

1) Add Default Boat
2) Update One Tick
3) Update X Ticks
4) Show Section Details
5) Add Boat
6) Make Tester
7) Make New Simulator
0) Quit

Choice:> How many updates:> 〜〜〜_⛴( 0)__X( 0)__X( 0)_
〜〜〜41...................

〜〜〜_⛴( 1)__X( 0)__X( 0)_
〜〜〜41...................

〜〜〜_⛴( 2)__X( 0)__X( 0)_
〜〜〜41...................

〜〜〜_⛴( 3)__X( 0)__X( 0)_
〜〜〜41...................

〜〜〜_X( 4)__⛴( 0)__X( 0)_
〜〜〜.......41............

〜〜〜_X( 2)__⛴( 1)__X( 0)_
〜〜〜.......41............

〜〜〜_X( 0)__⛴( 2)__X( 0)_
〜〜〜.......41............

〜〜〜_X( 0)__X( 3)__⛴( 0)_
〜〜〜..............41.....

〜〜〜_X( 0)__X( 2)__X( 0)_
〜〜〜.....................


1) Add Default Boat
2) Update One Tick
3) Update X Ticks
4) Show Section Details
5) Add Boat
6) Make Tester
7) Make New Simulator
0) Quit

Choice:> 