〜〜〜〜〜〜〜〜〜〜〜〜〜〜〜〜〜〜_X( 0)_〜〜〜〜〜〜〜〜〜
 〜〜〜〜〜〜〜〜〜〜〜〜〜〜〜〜〜〜.......〜〜〜〜〜〜〜〜〜
 
 1) Add Default Boat
 2) Update One Tick
 3) Update X Ticks
 4) Show Section Details
 5) Add Boat
 6) Make Tester
 7) Make New Simulator
 0) Quit
 
 Choice:> [34m[01m4[0m
Section 1
 Boats:> [34m[01m1[0m
0 Flow:> [34m[01m2[0m
0
 Section 2
 Boats:> [34m[01m4[0m
0 Flow:> [34m[01m2[0m
1
 
 
 1) Add Default Boat
 2) Update One Tick
 3) Update X Ticks
 4) Show Section Details
 5) Add Boat
 6) Make Tester
 7) Make New Simulator
 0) Quit
 
 Choice:> [34m[01m4[0m
⛴〜〜〜〜〜〜〜〜〜〜〜〜〜〜〜〜〜_X( 0)_〜〜〜〜〜〜〜〜〜
 19〜〜〜〜〜〜〜〜〜〜〜〜〜〜〜〜.......〜〜〜〜〜〜〜〜〜
 
 1) Add Default Boat
 2) Update One Tick
 3) Update X Ticks
 4) Show Section Details
 5) Add Boat
 6) Make Tester
 7) Make New Simulator
 0) Quit
 
 Choice:> [34m[01m1[0m
〜〜〜⛴〜〜〜〜〜〜〜〜〜〜〜〜〜〜_X( 0)_〜〜〜〜〜〜〜〜〜
 〜〜〜19〜〜〜〜〜〜〜〜〜〜〜〜〜.......〜〜〜〜〜〜〜〜〜
 
 1) Add Default Boat
 2) Update One Tick
 3) Update X Ticks
 4) Show Section Details
 5) Add Boat
 6) Make Tester
 7) Make New Simulator
 0) Quit
 
 Choice:> [34m[01m4[0m
Section 1
 Boats:> [34m[01m3[0m
1 Flow:> [34m[01m4[0m
0
 Section 2
 Boats:> [34m[01m4[0m
0 Flow:> [34m[01m2[0m
1
 
 
 1) Add Default Boat
 2) Update One Tick
 3) Update X Ticks
 4) Show Section Details
 5) Add Boat
 6) Make Tester
 7) Make New Simulator
 0) Quit
 
 Choice:> [34m[01m4[0m
〜〜〜〜〜〜⛴〜〜〜〜〜〜〜〜〜〜〜_X( 0)_〜〜〜〜〜〜〜〜〜
 〜〜〜〜〜〜19〜〜〜〜〜〜〜〜〜〜.......〜〜〜〜〜〜〜〜〜
 
 1) Add Default Boat
 2) Update One Tick
 3) Update X Ticks
 4) Show Section Details
 5) Add Boat
 6) Make Tester
 7) Make New Simulator
 0) Quit
 
 Choice:> [34m[01m1[0m
Section 1
 Boats:> [34m[01m2[0m
1 Flow:> [34m[01m1[0m
0
 Section 2
 Boats:> [34m[01m2[0m
0 Flow:> [34m[01m1[0m
1
 
 
 1) Add Default Boat
 2) Update One Tick
 3) Update X Ticks
 4) Show Section Details
 5) Add Boat
 6) Make Tester
 7) Make New Simulator
 0) Quit
 
 Choice:> [34m[01m4[0m
⛴〜〜〜〜〜⛴〜〜〜〜〜〜〜〜〜〜〜_X( 0)_〜〜〜〜〜〜〜〜〜
 20〜〜〜〜19〜〜〜〜〜〜〜〜〜〜.......〜〜〜〜〜〜〜〜〜
 
 1) Add Default Boat
 2) Update One Tick
 3) Update X Ticks
 4) Show Section Details
 5) Add Boat
 6) Make Tester
 7) Make New Simulator
 0) Quit
 
 Choice:> [34m[01m0[0m
Section 1
 Boats:> [34m[01mNULL[0m
2 Flow:> [34m[01mNULL[0m
0
 Section 2
 Boats:> [34m[01mNULL[0m
0 Flow:> [34m[01mNULL[0m
1
 
 
 1) Add Default Boat
 2) Update One Tick
 3) Update X Ticks
 4) Show Section Details
 5) Add Boat
 6) Make Tester
 7) Make New Simulator
 0) Quit
 
 Choice:> [34m[01mNULL[0m
How many updates:> [34m[01mNULL[0m
〜〜〜⛴〜〜〜〜〜⛴〜〜〜〜〜〜〜〜_X( 0)_〜〜〜〜〜〜〜〜〜
 〜〜〜20〜〜〜〜19〜〜〜〜〜〜〜.......〜〜〜〜〜〜〜〜〜
 〜〜〜〜〜〜⛴〜〜〜〜〜⛴〜〜〜〜〜_X( 0)_〜〜〜〜〜〜〜〜〜
 〜〜〜〜〜〜20〜〜〜〜19〜〜〜〜.......〜〜〜〜〜〜〜〜〜
 〜〜〜〜〜〜〜〜〜⛴〜〜〜〜〜⛴〜〜_X( 0)_〜〜〜〜〜〜〜〜〜
 〜〜〜〜〜〜〜〜〜20〜〜〜〜19〜.......〜〜〜〜〜〜〜〜〜
 〜〜〜〜〜〜〜〜〜〜〜〜⛴〜〜〜〜〜_⛴( 0)_〜〜〜〜〜〜〜〜〜
 〜〜〜〜〜〜〜〜〜〜〜〜20〜〜〜〜19.....〜〜〜〜〜〜〜〜〜
 
 1) Add Default Boat
 2) Update One Tick
 3) Update X Ticks
 4) Show Section Details
 5) Add Boat
 6) Make Tester
 7) Make New Simulator
 0) Quit
 
 Choice:> [34m[01mNULL[0m
Section 1
 Boats:> [34m[01mNULL[0m
1 Flow:> [34m[01mNULL[0m
0
 Section 2
 Boats:> [34m[01mNULL[0m
0 Flow:> [34m[01mNULL[0m
1
 
 
 1) Add Default Boat
 2) Update One Tick
 3) Update X Ticks
 4) Show Section Details
 5) Add Boat
 6) Make Tester
 7) Make New Simulator
 0) Quit
 
 Choice:> [34m[01mNULL[0m
〜〜〜〜〜〜〜〜〜〜〜〜〜〜〜⛴〜〜_X( 0)_⛴〜〜〜〜〜〜〜〜
 〜〜〜〜〜〜〜〜〜〜〜〜〜〜〜20〜.......19〜〜〜〜〜〜〜
 
 1) Add Default Boat
 2) Update One Tick
 3) Update X Ticks
 4) Show Section Details
 5) Add Boat
 6) Make Tester
 7) Make New Simulator
 0) Quit
 
 Choice:> [34m[01mNULL[0m
Section 1
 Boats:> [34m[01mNULL[0m
1 Flow:> [34m[01mNULL[0m
0
 Section 2
 Boats:> [34m[01mNULL[0m
1 Flow:> [34m[01mNULL[0m
1
 
 
 1) Add Default Boat
 2) Update One Tick
 3) Update X Ticks
 4) Show Section Details
 5) Add Boat
 6) Make Tester
 7) Make New Simulator
 0) Quit
 
 Choice:> [34m[01mNULL[0m
⛴〜〜〜〜〜〜〜〜〜〜〜〜〜〜⛴〜〜_X( 0)_⛴〜〜〜〜〜〜〜〜
 21〜〜〜〜〜〜〜〜〜〜〜〜〜20〜.......19〜〜〜〜〜〜〜
 
 1) Add Default Boat
 2) Update One Tick
 3) Update X Ticks
 4) Show Section Details
 5) Add Boat
 6) Make Tester
 7) Make New Simulator
 0) Quit
 
 Choice:> [34m[01mNULL[0m
〜〜〜⛴〜〜〜〜〜〜〜〜〜〜〜〜〜〜_⛴( 0)_〜〜〜⛴〜〜〜〜〜
 〜〜〜21〜〜〜〜〜〜〜〜〜〜〜〜〜20.....〜〜〜19〜〜〜〜
 
 1) Add Default Boat
 2) Update One Tick
 3) Update X Ticks
 4) Show Section Details
 5) Add Boat
 6) Make Tester
 7) Make New Simulator
 0) Quit
 
 Choice:> [34m[01mNULL[0m
⛴〜〜⛴〜〜〜〜〜〜〜〜〜〜〜〜〜〜_⛴( 0)_〜〜〜⛴〜〜〜〜〜
 22〜21〜〜〜〜〜〜〜〜〜〜〜〜〜20.....〜〜〜19〜〜〜〜
 
 1) Add Default Boat
 2) Update One Tick
 3) Update X Ticks
 4) Show Section Details
 5) Add Boat
 6) Make Tester
 7) Make New Simulator
 0) Quit
 
 Choice:> [34m[01mNULL[0m
〜〜〜⛴〜〜⛴〜〜〜〜〜〜〜〜〜〜〜_X( 0)_⛴〜〜〜〜〜⛴〜〜
 〜〜〜22〜21〜〜〜〜〜〜〜〜〜〜.......20〜〜〜〜19〜
 
 1) Add Default Boat
 2) Update One Tick
 3) Update X Ticks
 4) Show Section Details
 5) Add Boat
 6) Make Tester
 7) Make New Simulator
 0) Quit
 
 Choice:> [34m[01mNULL[0m
⛴〜〜⛴〜〜⛴〜〜〜〜〜〜〜〜〜〜〜_X( 0)_⛴〜〜〜〜〜⛴〜〜
 23〜22〜21〜〜〜〜〜〜〜〜〜〜.......20〜〜〜〜19〜
 
 1) Add Default Boat
 2) Update One Tick
 3) Update X Ticks
 4) Show Section Details
 5) Add Boat
 6) Make Tester
 7) Make New Simulator
 0) Quit
 
 Choice:> [34m[01mNULL[0m
Section 1
 Boats:> [34m[01mNULL[0m
3 Flow:> [34m[01mNULL[0m
0
 Section 2
 Boats:> [34m[01mNULL[0m
2 Flow:> [34m[01mNULL[0m
1
 
 
 1) Add Default Boat
 2) Update One Tick
 3) Update X Ticks
 4) Show Section Details
 5) Add Boat
 6) Make Tester
 7) Make New Simulator
 0) Quit
 
 Choice:> [34m[01mNULL[0m
 