〜〜〜〜〜〜〜〜〜〜〜〜〜〜〜〜〜〜_X( 0)_〜〜〜〜〜〜〜〜〜
〜〜〜〜〜〜〜〜〜〜〜〜〜〜〜〜〜〜.......〜〜〜〜〜〜〜〜〜

1) Add Default Boat
2) Update One Tick
3) Update X Ticks
4) Show Section Details
5) Add Boat
6) Make Tester
7) Make New Simulator
0) Quit

Choice:> 〜〜〜〜〜〜〜〜〜〜〜〜〜〜〜_X( 0)_〜〜〜〜〜〜〜〜〜〜〜〜〜〜〜〜〜〜_X( 0)_〜〜〜〜〜〜〜〜〜_X( 0)_
〜〜〜〜〜〜〜〜〜〜〜〜〜〜〜.......〜〜〜〜〜〜〜〜〜〜〜〜〜〜〜〜〜〜.......〜〜〜〜〜〜〜〜〜.......

1) Add Default Boat
2) Update One Tick
3) Update X Ticks
4) Show Section Details
5) Add Boat
6) Make Tester
7) Make New Simulator
0) Quit

Choice:> ⛴〜〜〜〜〜〜〜〜〜〜〜〜〜〜_X( 0)_〜〜〜〜〜〜〜〜〜〜〜〜〜〜〜〜〜〜_X( 0)_〜〜〜〜〜〜〜〜〜_X( 0)_
34〜〜〜〜〜〜〜〜〜〜〜〜〜.......〜〜〜〜〜〜〜〜〜〜〜〜〜〜〜〜〜〜.......〜〜〜〜〜〜〜〜〜.......

1) Add Default Boat
2) Update One Tick
3) Update X Ticks
4) Show Section Details
5) Add Boat
6) Make Tester
7) Make New Simulator
0) Quit

Choice:> How many updates:> 〜〜〜⛴〜〜〜〜〜〜〜〜〜〜〜_X( 0)_〜〜〜〜〜〜〜〜〜〜〜〜〜〜〜〜〜〜_X( 0)_〜〜〜〜〜〜〜〜〜_X( 0)_
〜〜〜34〜〜〜〜〜〜〜〜〜〜.......〜〜〜〜〜〜〜〜〜〜〜〜〜〜〜〜〜〜.......〜〜〜〜〜〜〜〜〜.......
〜〜〜〜〜〜⛴〜〜〜〜〜〜〜〜_X( 0)_〜〜〜〜〜〜〜〜〜〜〜〜〜〜〜〜〜〜_X( 0)_〜〜〜〜〜〜〜〜〜_X( 0)_
〜〜〜〜〜〜34〜〜〜〜〜〜〜.......〜〜〜〜〜〜〜〜〜〜〜〜〜〜〜〜〜〜.......〜〜〜〜〜〜〜〜〜.......
〜〜〜〜〜〜〜〜〜⛴〜〜〜〜〜_X( 0)_〜〜〜〜〜〜〜〜〜〜〜〜〜〜〜〜〜〜_X( 0)_〜〜〜〜〜〜〜〜〜_X( 0)_
〜〜〜〜〜〜〜〜〜34〜〜〜〜.......〜〜〜〜〜〜〜〜〜〜〜〜〜〜〜〜〜〜.......〜〜〜〜〜〜〜〜〜.......
〜〜〜〜〜〜〜〜〜〜〜〜⛴〜〜_X( 0)_〜〜〜〜〜〜〜〜〜〜〜〜〜〜〜〜〜〜_X( 0)_〜〜〜〜〜〜〜〜〜_X( 0)_
〜〜〜〜〜〜〜〜〜〜〜〜34〜.......〜〜〜〜〜〜〜〜〜〜〜〜〜〜〜〜〜〜.......〜〜〜〜〜〜〜〜〜.......
〜〜〜〜〜〜〜〜〜〜〜〜〜〜〜_⛴( 0)_〜〜〜〜〜〜〜〜〜〜〜〜〜〜〜〜〜〜_X( 0)_〜〜〜〜〜〜〜〜〜_X( 0)_
〜〜〜〜〜〜〜〜〜〜〜〜〜〜〜34.....〜〜〜〜〜〜〜〜〜〜〜〜〜〜〜〜〜〜.......〜〜〜〜〜〜〜〜〜.......
〜〜〜〜〜〜〜〜〜〜〜〜〜〜〜_X( 0)_⛴〜〜〜〜〜〜〜〜〜〜〜〜〜〜〜〜〜_X( 0)_〜〜〜〜〜〜〜〜〜_X( 0)_
〜〜〜〜〜〜〜〜〜〜〜〜〜〜〜.......34〜〜〜〜〜〜〜〜〜〜〜〜〜〜〜〜.......〜〜〜〜〜〜〜〜〜.......
〜〜〜〜〜〜〜〜〜〜〜〜〜〜〜_X( 0)_〜〜〜⛴〜〜〜〜〜〜〜〜〜〜〜〜〜〜_X( 0)_〜〜〜〜〜〜〜〜〜_X( 0)_
〜〜〜〜〜〜〜〜〜〜〜〜〜〜〜.......〜〜〜34〜〜〜〜〜〜〜〜〜〜〜〜〜.......〜〜〜〜〜〜〜〜〜.......
〜〜〜〜〜〜〜〜〜〜〜〜〜〜〜_X( 0)_〜〜〜〜〜〜⛴〜〜〜〜〜〜〜〜〜〜〜_X( 0)_〜〜〜〜〜〜〜〜〜_X( 0)_
〜〜〜〜〜〜〜〜〜〜〜〜〜〜〜.......〜〜〜〜〜〜34〜〜〜〜〜〜〜〜〜〜.......〜〜〜〜〜〜〜〜〜.......
〜〜〜〜〜〜〜〜〜〜〜〜〜〜〜_X( 0)_〜〜〜〜〜〜〜〜〜⛴〜〜〜〜〜〜〜〜_X( 0)_〜〜〜〜〜〜〜〜〜_X( 0)_
〜〜〜〜〜〜〜〜〜〜〜〜〜〜〜.......〜〜〜〜〜〜〜〜〜34〜〜〜〜〜〜〜.......〜〜〜〜〜〜〜〜〜.......
〜〜〜〜〜〜〜〜〜〜〜〜〜〜〜_X( 0)_〜〜〜〜〜〜〜〜〜〜〜〜⛴〜〜〜〜〜_X( 0)_〜〜〜〜〜〜〜〜〜_X( 0)_
〜〜〜〜〜〜〜〜〜〜〜〜〜〜〜.......〜〜〜〜〜〜〜〜〜〜〜〜34〜〜〜〜.......〜〜〜〜〜〜〜〜〜.......
〜〜〜〜〜〜〜〜〜〜〜〜〜〜〜_X( 0)_〜〜〜〜〜〜〜〜〜〜〜〜〜〜〜⛴〜〜_X( 0)_〜〜〜〜〜〜〜〜〜_X( 0)_
〜〜〜〜〜〜〜〜〜〜〜〜〜〜〜.......〜〜〜〜〜〜〜〜〜〜〜〜〜〜〜34〜.......〜〜〜〜〜〜〜〜〜.......
〜〜〜〜〜〜〜〜〜〜〜〜〜〜〜_X( 0)_〜〜〜〜〜〜〜〜〜〜〜〜〜〜〜〜〜〜_⛴( 0)_〜〜〜〜〜〜〜〜〜_X( 0)_
〜〜〜〜〜〜〜〜〜〜〜〜〜〜〜.......〜〜〜〜〜〜〜〜〜〜〜〜〜〜〜〜〜〜34.....〜〜〜〜〜〜〜〜〜.......
〜〜〜〜〜〜〜〜〜〜〜〜〜〜〜_X( 0)_〜〜〜〜〜〜〜〜〜〜〜〜〜〜〜〜〜〜_⛴( 1)_〜〜〜〜〜〜〜〜〜_X( 0)_
〜〜〜〜〜〜〜〜〜〜〜〜〜〜〜.......〜〜〜〜〜〜〜〜〜〜〜〜〜〜〜〜〜〜34.....〜〜〜〜〜〜〜〜〜.......
〜〜〜〜〜〜〜〜〜〜〜〜〜〜〜_X( 0)_〜〜〜〜〜〜〜〜〜〜〜〜〜〜〜〜〜〜_X( 2)_⛴〜〜〜〜〜〜〜〜_X( 0)_
〜〜〜〜〜〜〜〜〜〜〜〜〜〜〜.......〜〜〜〜〜〜〜〜〜〜〜〜〜〜〜〜〜〜.......34〜〜〜〜〜〜〜.......
〜〜〜〜〜〜〜〜〜〜〜〜〜〜〜_X( 0)_〜〜〜〜〜〜〜〜〜〜〜〜〜〜〜〜〜〜_X( 1)_〜〜〜⛴〜〜〜〜〜_X( 0)_
〜〜〜〜〜〜〜〜〜〜〜〜〜〜〜.......〜〜〜〜〜〜〜〜〜〜〜〜〜〜〜〜〜〜.......〜〜〜34〜〜〜〜.......
〜〜〜〜〜〜〜〜〜〜〜〜〜〜〜_X( 0)_〜〜〜〜〜〜〜〜〜〜〜〜〜〜〜〜〜〜_X( 0)_〜〜〜〜〜〜⛴〜〜_X( 0)_
〜〜〜〜〜〜〜〜〜〜〜〜〜〜〜.......〜〜〜〜〜〜〜〜〜〜〜〜〜〜〜〜〜〜.......〜〜〜〜〜〜34〜.......
〜〜〜〜〜〜〜〜〜〜〜〜〜〜〜_X( 0)_〜〜〜〜〜〜〜〜〜〜〜〜〜〜〜〜〜〜_X( 0)_〜〜〜〜〜〜〜〜〜_⛴( 0)_
〜〜〜〜〜〜〜〜〜〜〜〜〜〜〜.......〜〜〜〜〜〜〜〜〜〜〜〜〜〜〜〜〜〜.......〜〜〜〜〜〜〜〜〜34.....
〜〜〜〜〜〜〜〜〜〜〜〜〜〜〜_X( 0)_〜〜〜〜〜〜〜〜〜〜〜〜〜〜〜〜〜〜_X( 0)_〜〜〜〜〜〜〜〜〜_⛴( 1)_
〜〜〜〜〜〜〜〜〜〜〜〜〜〜〜.......〜〜〜〜〜〜〜〜〜〜〜〜〜〜〜〜〜〜.......〜〜〜〜〜〜〜〜〜34.....
〜〜〜〜〜〜〜〜〜〜〜〜〜〜〜_X( 0)_〜〜〜〜〜〜〜〜〜〜〜〜〜〜〜〜〜〜_X( 0)_〜〜〜〜〜〜〜〜〜_⛴( 2)_
〜〜〜〜〜〜〜〜〜〜〜〜〜〜〜.......〜〜〜〜〜〜〜〜〜〜〜〜〜〜〜〜〜〜.......〜〜〜〜〜〜〜〜〜34.....
〜〜〜〜〜〜〜〜〜〜〜〜〜〜〜_X( 0)_〜〜〜〜〜〜〜〜〜〜〜〜〜〜〜〜〜〜_X( 0)_〜〜〜〜〜〜〜〜〜_⛴( 3)_
〜〜〜〜〜〜〜〜〜〜〜〜〜〜〜.......〜〜〜〜〜〜〜〜〜〜〜〜〜〜〜〜〜〜.......〜〜〜〜〜〜〜〜〜34.....
〜〜〜〜〜〜〜〜〜〜〜〜〜〜〜_X( 0)_〜〜〜〜〜〜〜〜〜〜〜〜〜〜〜〜〜〜_X( 0)_〜〜〜〜〜〜〜〜〜_⛴( 4)_
〜〜〜〜〜〜〜〜〜〜〜〜〜〜〜.......〜〜〜〜〜〜〜〜〜〜〜〜〜〜〜〜〜〜.......〜〜〜〜〜〜〜〜〜34.....
〜〜〜〜〜〜〜〜〜〜〜〜〜〜〜_X( 0)_〜〜〜〜〜〜〜〜〜〜〜〜〜〜〜〜〜〜_X( 0)_〜〜〜〜〜〜〜〜〜_X( 5)_
〜〜〜〜〜〜〜〜〜〜〜〜〜〜〜.......〜〜〜〜〜〜〜〜〜〜〜〜〜〜〜〜〜〜.......〜〜〜〜〜〜〜〜〜.......
〜〜〜〜〜〜〜〜〜〜〜〜〜〜〜_X( 0)_〜〜〜〜〜〜〜〜〜〜〜〜〜〜〜〜〜〜_X( 0)_〜〜〜〜〜〜〜〜〜_X( 3)_
〜〜〜〜〜〜〜〜〜〜〜〜〜〜〜.......〜〜〜〜〜〜〜〜〜〜〜〜〜〜〜〜〜〜.......〜〜〜〜〜〜〜〜〜.......
〜〜〜〜〜〜〜〜〜〜〜〜〜〜〜_X( 0)_〜〜〜〜〜〜〜〜〜〜〜〜〜〜〜〜〜〜_X( 0)_〜〜〜〜〜〜〜〜〜_X( 1)_
〜〜〜〜〜〜〜〜〜〜〜〜〜〜〜.......〜〜〜〜〜〜〜〜〜〜〜〜〜〜〜〜〜〜.......〜〜〜〜〜〜〜〜〜.......
〜〜〜〜〜〜〜〜〜〜〜〜〜〜〜_X( 0)_〜〜〜〜〜〜〜〜〜〜〜〜〜〜〜〜〜〜_X( 0)_〜〜〜〜〜〜〜〜〜_X( 0)_
〜〜〜〜〜〜〜〜〜〜〜〜〜〜〜.......〜〜〜〜〜〜〜〜〜〜〜〜〜〜〜〜〜〜.......〜〜〜〜〜〜〜〜〜.......
〜〜〜〜〜〜〜〜〜〜〜〜〜〜〜_X( 0)_〜〜〜〜〜〜〜〜〜〜〜〜〜〜〜〜〜〜_X( 0)_〜〜〜〜〜〜〜〜〜_X( 0)_
〜〜〜〜〜〜〜〜〜〜〜〜〜〜〜.......〜〜〜〜〜〜〜〜〜〜〜〜〜〜〜〜〜〜.......〜〜〜〜〜〜〜〜〜.......

1) Add Default Boat
2) Update One Tick
3) Update X Ticks
4) Show Section Details
5) Add Boat
6) Make Tester
7) Make New Simulator
0) Quit

Choice:> What engine power:> What travel method. (1) Steady or (2) Max :> ⛴〜〜〜〜〜〜〜〜〜〜〜〜〜〜_X( 0)_〜〜〜〜〜〜〜〜〜〜〜〜〜〜〜〜〜〜_X( 0)_〜〜〜〜〜〜〜〜〜_X( 0)_
35〜〜〜〜〜〜〜〜〜〜〜〜〜.......〜〜〜〜〜〜〜〜〜〜〜〜〜〜〜〜〜〜.......〜〜〜〜〜〜〜〜〜.......

1) Add Default Boat
2) Update One Tick
3) Update X Ticks
4) Show Section Details
5) Add Boat
6) Make Tester
7) Make New Simulator
0) Quit

Choice:> How many updates:> 〜〜〜〜〜〜〜〜〜〜〜〜⛴〜〜_X( 0)_〜〜〜〜〜〜〜〜〜〜〜〜〜〜〜〜〜〜_X( 0)_〜〜〜〜〜〜〜〜〜_X( 0)_
〜〜〜〜〜〜〜〜〜〜〜〜35〜.......〜〜〜〜〜〜〜〜〜〜〜〜〜〜〜〜〜〜.......〜〜〜〜〜〜〜〜〜.......
〜〜〜〜〜〜〜〜〜〜〜〜〜〜〜_⛴( 0)_〜〜〜〜〜〜〜〜〜〜〜〜〜〜〜〜〜〜_X( 0)_〜〜〜〜〜〜〜〜〜_X( 0)_
〜〜〜〜〜〜〜〜〜〜〜〜〜〜〜35.....〜〜〜〜〜〜〜〜〜〜〜〜〜〜〜〜〜〜.......〜〜〜〜〜〜〜〜〜.......
〜〜〜〜〜〜〜〜〜〜〜〜〜〜〜_X( 0)_⛴〜〜〜〜〜〜〜〜〜〜〜〜〜〜〜〜〜_X( 0)_〜〜〜〜〜〜〜〜〜_X( 0)_
〜〜〜〜〜〜〜〜〜〜〜〜〜〜〜.......35〜〜〜〜〜〜〜〜〜〜〜〜〜〜〜〜.......〜〜〜〜〜〜〜〜〜.......
〜〜〜〜〜〜〜〜〜〜〜〜〜〜〜_X( 0)_〜〜〜〜〜〜〜〜〜⛴〜〜〜〜〜〜〜〜_X( 0)_〜〜〜〜〜〜〜〜〜_X( 0)_
〜〜〜〜〜〜〜〜〜〜〜〜〜〜〜.......〜〜〜〜〜〜〜〜〜35〜〜〜〜〜〜〜.......〜〜〜〜〜〜〜〜〜.......
〜〜〜〜〜〜〜〜〜〜〜〜〜〜〜_X( 0)_〜〜〜〜〜〜〜〜〜〜〜〜〜〜〜⛴〜〜_X( 0)_〜〜〜〜〜〜〜〜〜_X( 0)_
〜〜〜〜〜〜〜〜〜〜〜〜〜〜〜.......〜〜〜〜〜〜〜〜〜〜〜〜〜〜〜35〜.......〜〜〜〜〜〜〜〜〜.......
〜〜〜〜〜〜〜〜〜〜〜〜〜〜〜_X( 0)_〜〜〜〜〜〜〜〜〜〜〜〜〜〜〜〜〜〜_⛴( 0)_〜〜〜〜〜〜〜〜〜_X( 0)_
〜〜〜〜〜〜〜〜〜〜〜〜〜〜〜.......〜〜〜〜〜〜〜〜〜〜〜〜〜〜〜〜〜〜35.....〜〜〜〜〜〜〜〜〜.......
〜〜〜〜〜〜〜〜〜〜〜〜〜〜〜_X( 0)_〜〜〜〜〜〜〜〜〜〜〜〜〜〜〜〜〜〜_⛴( 1)_〜〜〜〜〜〜〜〜〜_X( 0)_
〜〜〜〜〜〜〜〜〜〜〜〜〜〜〜.......〜〜〜〜〜〜〜〜〜〜〜〜〜〜〜〜〜〜35.....〜〜〜〜〜〜〜〜〜.......
〜〜〜〜〜〜〜〜〜〜〜〜〜〜〜_X( 0)_〜〜〜〜〜〜〜〜〜〜〜〜〜〜〜〜〜〜_X( 2)_⛴〜〜〜〜〜〜〜〜_X( 0)_
〜〜〜〜〜〜〜〜〜〜〜〜〜〜〜.......〜〜〜〜〜〜〜〜〜〜〜〜〜〜〜〜〜〜.......35〜〜〜〜〜〜〜.......
〜〜〜〜〜〜〜〜〜〜〜〜〜〜〜_X( 0)_〜〜〜〜〜〜〜〜〜〜〜〜〜〜〜〜〜〜_X( 1)_〜〜〜〜〜〜⛴〜〜_X( 0)_
〜〜〜〜〜〜〜〜〜〜〜〜〜〜〜.......〜〜〜〜〜〜〜〜〜〜〜〜〜〜〜〜〜〜.......〜〜〜〜〜〜35〜.......
〜〜〜〜〜〜〜〜〜〜〜〜〜〜〜_X( 0)_〜〜〜〜〜〜〜〜〜〜〜〜〜〜〜〜〜〜_X( 0)_〜〜〜〜〜〜〜〜〜_⛴( 0)_
〜〜〜〜〜〜〜〜〜〜〜〜〜〜〜.......〜〜〜〜〜〜〜〜〜〜〜〜〜〜〜〜〜〜.......〜〜〜〜〜〜〜〜〜35.....
〜〜〜〜〜〜〜〜〜〜〜〜〜〜〜_X( 0)_〜〜〜〜〜〜〜〜〜〜〜〜〜〜〜〜〜〜_X( 0)_〜〜〜〜〜〜〜〜〜_⛴( 1)_
〜〜〜〜〜〜〜〜〜〜〜〜〜〜〜.......〜〜〜〜〜〜〜〜〜〜〜〜〜〜〜〜〜〜.......〜〜〜〜〜〜〜〜〜35.....
〜〜〜〜〜〜〜〜〜〜〜〜〜〜〜_X( 0)_〜〜〜〜〜〜〜〜〜〜〜〜〜〜〜〜〜〜_X( 0)_〜〜〜〜〜〜〜〜〜_⛴( 2)_
〜〜〜〜〜〜〜〜〜〜〜〜〜〜〜.......〜〜〜〜〜〜〜〜〜〜〜〜〜〜〜〜〜〜.......〜〜〜〜〜〜〜〜〜35.....
〜〜〜〜〜〜〜〜〜〜〜〜〜〜〜_X( 0)_〜〜〜〜〜〜〜〜〜〜〜〜〜〜〜〜〜〜_X( 0)_〜〜〜〜〜〜〜〜〜_⛴( 3)_
〜〜〜〜〜〜〜〜〜〜〜〜〜〜〜.......〜〜〜〜〜〜〜〜〜〜〜〜〜〜〜〜〜〜.......〜〜〜〜〜〜〜〜〜35.....
〜〜〜〜〜〜〜〜〜〜〜〜〜〜〜_X( 0)_〜〜〜〜〜〜〜〜〜〜〜〜〜〜〜〜〜〜_X( 0)_〜〜〜〜〜〜〜〜〜_⛴( 4)_
〜〜〜〜〜〜〜〜〜〜〜〜〜〜〜.......〜〜〜〜〜〜〜〜〜〜〜〜〜〜〜〜〜〜.......〜〜〜〜〜〜〜〜〜35.....
〜〜〜〜〜〜〜〜〜〜〜〜〜〜〜_X( 0)_〜〜〜〜〜〜〜〜〜〜〜〜〜〜〜〜〜〜_X( 0)_〜〜〜〜〜〜〜〜〜_X( 5)_
〜〜〜〜〜〜〜〜〜〜〜〜〜〜〜.......〜〜〜〜〜〜〜〜〜〜〜〜〜〜〜〜〜〜.......〜〜〜〜〜〜〜〜〜.......
〜〜〜〜〜〜〜〜〜〜〜〜〜〜〜_X( 0)_〜〜〜〜〜〜〜〜〜〜〜〜〜〜〜〜〜〜_X( 0)_〜〜〜〜〜〜〜〜〜_X( 3)_
〜〜〜〜〜〜〜〜〜〜〜〜〜〜〜.......〜〜〜〜〜〜〜〜〜〜〜〜〜〜〜〜〜〜.......〜〜〜〜〜〜〜〜〜.......
〜〜〜〜〜〜〜〜〜〜〜〜〜〜〜_X( 0)_〜〜〜〜〜〜〜〜〜〜〜〜〜〜〜〜〜〜_X( 0)_〜〜〜〜〜〜〜〜〜_X( 1)_
〜〜〜〜〜〜〜〜〜〜〜〜〜〜〜.......〜〜〜〜〜〜〜〜〜〜〜〜〜〜〜〜〜〜.......〜〜〜〜〜〜〜〜〜.......
〜〜〜〜〜〜〜〜〜〜〜〜〜〜〜_X( 0)_〜〜〜〜〜〜〜〜〜〜〜〜〜〜〜〜〜〜_X( 0)_〜〜〜〜〜〜〜〜〜_X( 0)_
〜〜〜〜〜〜〜〜〜〜〜〜〜〜〜.......〜〜〜〜〜〜〜〜〜〜〜〜〜〜〜〜〜〜.......〜〜〜〜〜〜〜〜〜.......
〜〜〜〜〜〜〜〜〜〜〜〜〜〜〜_X( 0)_〜〜〜〜〜〜〜〜〜〜〜〜〜〜〜〜〜〜_X( 0)_〜〜〜〜〜〜〜〜〜_X( 0)_
〜〜〜〜〜〜〜〜〜〜〜〜〜〜〜.......〜〜〜〜〜〜〜〜〜〜〜〜〜〜〜〜〜〜.......〜〜〜〜〜〜〜〜〜.......

1) Add Default Boat
2) Update One Tick
3) Update X Ticks
4) Show Section Details
5) Add Boat
6) Make Tester
7) Make New Simulator
0) Quit

Choice:> What engine power:> What travel method. (1) Steady or (2) Max :> ⛴〜〜〜〜〜〜〜〜〜〜〜〜〜〜_X( 0)_〜〜〜〜〜〜〜〜〜〜〜〜〜〜〜〜〜〜_X( 0)_〜〜〜〜〜〜〜〜〜_X( 0)_
36〜〜〜〜〜〜〜〜〜〜〜〜〜.......〜〜〜〜〜〜〜〜〜〜〜〜〜〜〜〜〜〜.......〜〜〜〜〜〜〜〜〜.......

1) Add Default Boat
2) Update One Tick
3) Update X Ticks
4) Show Section Details
5) Add Boat
6) Make Tester
7) Make New Simulator
0) Quit

Choice:> 〜〜〜〜〜〜〜〜〜〜〜〜⛴〜〜_X( 0)_〜〜〜〜〜〜〜〜〜〜〜〜〜〜〜〜〜〜_X( 0)_〜〜〜〜〜〜〜〜〜_X( 0)_
〜〜〜〜〜〜〜〜〜〜〜〜36〜.......〜〜〜〜〜〜〜〜〜〜〜〜〜〜〜〜〜〜.......〜〜〜〜〜〜〜〜〜.......

1) Add Default Boat
2) Update One Tick
3) Update X Ticks
4) Show Section Details
5) Add Boat
6) Make Tester
7) Make New Simulator
0) Quit

Choice:> What engine power:> What travel method. (1) Steady or (2) Max :> ⛴〜〜〜〜〜〜〜〜〜〜〜⛴〜〜_X( 0)_〜〜〜〜〜〜〜〜〜〜〜〜〜〜〜〜〜〜_X( 0)_〜〜〜〜〜〜〜〜〜_X( 0)_
37〜〜〜〜〜〜〜〜〜〜36〜.......〜〜〜〜〜〜〜〜〜〜〜〜〜〜〜〜〜〜.......〜〜〜〜〜〜〜〜〜.......

1) Add Default Boat
2) Update One Tick
3) Update X Ticks
4) Show Section Details
5) Add Boat
6) Make Tester
7) Make New Simulator
0) Quit

Choice:> How many updates:> 〜〜〜〜〜〜〜〜〜〜〜〜⛴〜〜_⛴( 0)_〜〜〜〜〜〜〜〜〜〜〜〜〜〜〜〜〜〜_X( 0)_〜〜〜〜〜〜〜〜〜_X( 0)_
〜〜〜〜〜〜〜〜〜〜〜〜37〜36.....〜〜〜〜〜〜〜〜〜〜〜〜〜〜〜〜〜〜.......〜〜〜〜〜〜〜〜〜.......
〜〜〜〜〜〜〜〜〜〜〜〜〜〜〜_⛴( 0)_⛴〜〜〜〜〜〜〜〜〜〜〜〜〜〜〜〜〜_X( 0)_〜〜〜〜〜〜〜〜〜_X( 0)_
〜〜〜〜〜〜〜〜〜〜〜〜〜〜〜37.....36〜〜〜〜〜〜〜〜〜〜〜〜〜〜〜〜.......〜〜〜〜〜〜〜〜〜.......
〜〜〜〜〜〜〜〜〜〜〜〜〜〜〜_X( 0)_⛴〜〜〜〜〜〜〜〜〜〜〜〜〜〜⛴〜〜_X( 0)_〜〜〜〜〜〜〜〜〜_X( 0)_
〜〜〜〜〜〜〜〜〜〜〜〜〜〜〜.......37〜〜〜〜〜〜〜〜〜〜〜〜〜36〜.......〜〜〜〜〜〜〜〜〜.......

1) Add Default Boat
2) Update One Tick
3) Update X Ticks
4) Show Section Details
5) Add Boat
6) Make Tester
7) Make New Simulator
0) Quit

Choice:> What engine power:> What travel method. (1) Steady or (2) Max :> ⛴〜〜〜〜〜〜〜〜〜〜〜〜〜〜_X( 0)_⛴〜〜〜〜〜〜〜〜〜〜〜〜〜〜⛴〜〜_X( 0)_〜〜〜〜〜〜〜〜〜_X( 0)_
38〜〜〜〜〜〜〜〜〜〜〜〜〜.......37〜〜〜〜〜〜〜〜〜〜〜〜〜36〜.......〜〜〜〜〜〜〜〜〜.......

1) Add Default Boat
2) Update One Tick
3) Update X Ticks
4) Show Section Details
5) Add Boat
6) Make Tester
7) Make New Simulator
0) Quit

Choice:> How many updates:> 〜〜〜〜〜〜⛴〜〜〜〜〜〜〜〜_X( 0)_〜〜〜〜〜〜⛴〜〜〜〜〜〜〜〜〜〜〜_⛴( 0)_〜〜〜〜〜〜〜〜〜_X( 0)_
〜〜〜〜〜〜38〜〜〜〜〜〜〜.......〜〜〜〜〜〜37〜〜〜〜〜〜〜〜〜〜36.....〜〜〜〜〜〜〜〜〜.......
〜〜〜〜〜〜〜〜〜〜〜〜⛴〜〜_X( 0)_〜〜〜〜〜〜〜〜〜〜〜〜⛴〜〜〜〜〜_⛴( 1)_〜〜〜〜〜〜〜〜〜_X( 0)_
〜〜〜〜〜〜〜〜〜〜〜〜38〜.......〜〜〜〜〜〜〜〜〜〜〜〜37〜〜〜〜36.....〜〜〜〜〜〜〜〜〜.......
〜〜〜〜〜〜〜〜〜〜〜〜〜〜〜_⛴( 0)_〜〜〜〜〜〜〜〜〜〜〜〜〜〜〜⛴〜〜_X( 2)_⛴〜〜〜〜〜〜〜〜_X( 0)_
〜〜〜〜〜〜〜〜〜〜〜〜〜〜〜38.....〜〜〜〜〜〜〜〜〜〜〜〜〜〜〜37〜.......36〜〜〜〜〜〜〜.......
〜〜〜〜〜〜〜〜〜〜〜〜〜〜〜_X( 0)_⛴〜〜〜〜〜〜〜〜〜〜〜〜〜〜⛴〜〜_X( 1)_〜〜〜〜〜〜⛴〜〜_X( 0)_
〜〜〜〜〜〜〜〜〜〜〜〜〜〜〜.......38〜〜〜〜〜〜〜〜〜〜〜〜〜37〜.......〜〜〜〜〜〜36〜.......
〜〜〜〜〜〜〜〜〜〜〜〜〜〜〜_X( 0)_〜〜〜⛴〜〜〜〜〜〜〜〜〜〜〜〜〜〜_⛴( 0)_〜〜〜〜〜〜〜〜〜_⛴( 0)_
〜〜〜〜〜〜〜〜〜〜〜〜〜〜〜.......〜〜〜38〜〜〜〜〜〜〜〜〜〜〜〜〜37.....〜〜〜〜〜〜〜〜〜36.....
〜〜〜〜〜〜〜〜〜〜〜〜〜〜〜_X( 0)_〜〜〜〜〜〜⛴〜〜〜〜〜〜〜〜〜〜〜_⛴( 1)_〜〜〜〜〜〜〜〜〜_⛴( 1)_
〜〜〜〜〜〜〜〜〜〜〜〜〜〜〜.......〜〜〜〜〜〜38〜〜〜〜〜〜〜〜〜〜37.....〜〜〜〜〜〜〜〜〜36.....
〜〜〜〜〜〜〜〜〜〜〜〜〜〜〜_X( 0)_〜〜〜〜〜〜〜〜〜⛴〜〜〜〜〜〜〜〜_X( 2)_⛴〜〜〜〜〜〜〜〜_⛴( 2)_
〜〜〜〜〜〜〜〜〜〜〜〜〜〜〜.......〜〜〜〜〜〜〜〜〜38〜〜〜〜〜〜〜.......37〜〜〜〜〜〜〜36.....
〜〜〜〜〜〜〜〜〜〜〜〜〜〜〜_X( 0)_〜〜〜〜〜〜〜〜〜〜〜〜⛴〜〜〜〜〜_X( 1)_〜〜〜⛴〜〜〜〜〜_⛴( 3)_
〜〜〜〜〜〜〜〜〜〜〜〜〜〜〜.......〜〜〜〜〜〜〜〜〜〜〜〜38〜〜〜〜.......〜〜〜37〜〜〜〜36.....
〜〜〜〜〜〜〜〜〜〜〜〜〜〜〜_X( 0)_〜〜〜〜〜〜〜〜〜〜〜〜〜〜〜⛴〜〜_X( 0)_〜〜〜〜〜〜⛴〜〜_⛴( 4)_
〜〜〜〜〜〜〜〜〜〜〜〜〜〜〜.......〜〜〜〜〜〜〜〜〜〜〜〜〜〜〜38〜.......〜〜〜〜〜〜37〜36.....
〜〜〜〜〜〜〜〜〜〜〜〜〜〜〜_X( 0)_〜〜〜〜〜〜〜〜〜〜〜〜〜〜〜〜〜〜_⛴( 0)_〜〜〜〜〜〜⛴〜〜_X( 5)_
〜〜〜〜〜〜〜〜〜〜〜〜〜〜〜.......〜〜〜〜〜〜〜〜〜〜〜〜〜〜〜〜〜〜38.....〜〜〜〜〜〜37〜.......
〜〜〜〜〜〜〜〜〜〜〜〜〜〜〜_X( 0)_〜〜〜〜〜〜〜〜〜〜〜〜〜〜〜〜〜〜_⛴( 1)_〜〜〜〜〜〜⛴〜〜_X( 3)_
〜〜〜〜〜〜〜〜〜〜〜〜〜〜〜.......〜〜〜〜〜〜〜〜〜〜〜〜〜〜〜〜〜〜38.....〜〜〜〜〜〜37〜.......
〜〜〜〜〜〜〜〜〜〜〜〜〜〜〜_X( 0)_〜〜〜〜〜〜〜〜〜〜〜〜〜〜〜〜〜〜_X( 2)_⛴〜〜〜〜〜⛴〜〜_X( 1)_
〜〜〜〜〜〜〜〜〜〜〜〜〜〜〜.......〜〜〜〜〜〜〜〜〜〜〜〜〜〜〜〜〜〜.......38〜〜〜〜37〜.......
〜〜〜〜〜〜〜〜〜〜〜〜〜〜〜_X( 0)_〜〜〜〜〜〜〜〜〜〜〜〜〜〜〜〜〜〜_X( 1)_〜〜〜⛴〜〜〜〜〜_⛴( 0)_
〜〜〜〜〜〜〜〜〜〜〜〜〜〜〜.......〜〜〜〜〜〜〜〜〜〜〜〜〜〜〜〜〜〜.......〜〜〜38〜〜〜〜37.....
〜〜〜〜〜〜〜〜〜〜〜〜〜〜〜_X( 0)_〜〜〜〜〜〜〜〜〜〜〜〜〜〜〜〜〜〜_X( 0)_〜〜〜〜〜〜⛴〜〜_⛴( 1)_
〜〜〜〜〜〜〜〜〜〜〜〜〜〜〜.......〜〜〜〜〜〜〜〜〜〜〜〜〜〜〜〜〜〜.......〜〜〜〜〜〜38〜37.....
〜〜〜〜〜〜〜〜〜〜〜〜〜〜〜_X( 0)_〜〜〜〜〜〜〜〜〜〜〜〜〜〜〜〜〜〜_X( 0)_〜〜〜〜〜〜⛴〜〜_⛴( 2)_
〜〜〜〜〜〜〜〜〜〜〜〜〜〜〜.......〜〜〜〜〜〜〜〜〜〜〜〜〜〜〜〜〜〜.......〜〜〜〜〜〜38〜37.....
〜〜〜〜〜〜〜〜〜〜〜〜〜〜〜_X( 0)_〜〜〜〜〜〜〜〜〜〜〜〜〜〜〜〜〜〜_X( 0)_〜〜〜〜〜〜⛴〜〜_⛴( 3)_
〜〜〜〜〜〜〜〜〜〜〜〜〜〜〜.......〜〜〜〜〜〜〜〜〜〜〜〜〜〜〜〜〜〜.......〜〜〜〜〜〜38〜37.....
〜〜〜〜〜〜〜〜〜〜〜〜〜〜〜_X( 0)_〜〜〜〜〜〜〜〜〜〜〜〜〜〜〜〜〜〜_X( 0)_〜〜〜〜〜〜⛴〜〜_⛴( 4)_
〜〜〜〜〜〜〜〜〜〜〜〜〜〜〜.......〜〜〜〜〜〜〜〜〜〜〜〜〜〜〜〜〜〜.......〜〜〜〜〜〜38〜37.....
〜〜〜〜〜〜〜〜〜〜〜〜〜〜〜_X( 0)_〜〜〜〜〜〜〜〜〜〜〜〜〜〜〜〜〜〜_X( 0)_〜〜〜〜〜〜⛴〜〜_X( 5)_
〜〜〜〜〜〜〜〜〜〜〜〜〜〜〜.......〜〜〜〜〜〜〜〜〜〜〜〜〜〜〜〜〜〜.......〜〜〜〜〜〜38〜.......
〜〜〜〜〜〜〜〜〜〜〜〜〜〜〜_X( 0)_〜〜〜〜〜〜〜〜〜〜〜〜〜〜〜〜〜〜_X( 0)_〜〜〜〜〜〜⛴〜〜_X( 3)_
〜〜〜〜〜〜〜〜〜〜〜〜〜〜〜.......〜〜〜〜〜〜〜〜〜〜〜〜〜〜〜〜〜〜.......〜〜〜〜〜〜38〜.......
〜〜〜〜〜〜〜〜〜〜〜〜〜〜〜_X( 0)_〜〜〜〜〜〜〜〜〜〜〜〜〜〜〜〜〜〜_X( 0)_〜〜〜〜〜〜⛴〜〜_X( 1)_
〜〜〜〜〜〜〜〜〜〜〜〜〜〜〜.......〜〜〜〜〜〜〜〜〜〜〜〜〜〜〜〜〜〜.......〜〜〜〜〜〜38〜.......
〜〜〜〜〜〜〜〜〜〜〜〜〜〜〜_X( 0)_〜〜〜〜〜〜〜〜〜〜〜〜〜〜〜〜〜〜_X( 0)_〜〜〜〜〜〜〜〜〜_⛴( 0)_
〜〜〜〜〜〜〜〜〜〜〜〜〜〜〜.......〜〜〜〜〜〜〜〜〜〜〜〜〜〜〜〜〜〜.......〜〜〜〜〜〜〜〜〜38.....
〜〜〜〜〜〜〜〜〜〜〜〜〜〜〜_X( 0)_〜〜〜〜〜〜〜〜〜〜〜〜〜〜〜〜〜〜_X( 0)_〜〜〜〜〜〜〜〜〜_⛴( 1)_
〜〜〜〜〜〜〜〜〜〜〜〜〜〜〜.......〜〜〜〜〜〜〜〜〜〜〜〜〜〜〜〜〜〜.......〜〜〜〜〜〜〜〜〜38.....
〜〜〜〜〜〜〜〜〜〜〜〜〜〜〜_X( 0)_〜〜〜〜〜〜〜〜〜〜〜〜〜〜〜〜〜〜_X( 0)_〜〜〜〜〜〜〜〜〜_⛴( 2)_
〜〜〜〜〜〜〜〜〜〜〜〜〜〜〜.......〜〜〜〜〜〜〜〜〜〜〜〜〜〜〜〜〜〜.......〜〜〜〜〜〜〜〜〜38.....
〜〜〜〜〜〜〜〜〜〜〜〜〜〜〜_X( 0)_〜〜〜〜〜〜〜〜〜〜〜〜〜〜〜〜〜〜_X( 0)_〜〜〜〜〜〜〜〜〜_⛴( 3)_
〜〜〜〜〜〜〜〜〜〜〜〜〜〜〜.......〜〜〜〜〜〜〜〜〜〜〜〜〜〜〜〜〜〜.......〜〜〜〜〜〜〜〜〜38.....
〜〜〜〜〜〜〜〜〜〜〜〜〜〜〜_X( 0)_〜〜〜〜〜〜〜〜〜〜〜〜〜〜〜〜〜〜_X( 0)_〜〜〜〜〜〜〜〜〜_⛴( 4)_
〜〜〜〜〜〜〜〜〜〜〜〜〜〜〜.......〜〜〜〜〜〜〜〜〜〜〜〜〜〜〜〜〜〜.......〜〜〜〜〜〜〜〜〜38.....
〜〜〜〜〜〜〜〜〜〜〜〜〜〜〜_X( 0)_〜〜〜〜〜〜〜〜〜〜〜〜〜〜〜〜〜〜_X( 0)_〜〜〜〜〜〜〜〜〜_X( 5)_
〜〜〜〜〜〜〜〜〜〜〜〜〜〜〜.......〜〜〜〜〜〜〜〜〜〜〜〜〜〜〜〜〜〜.......〜〜〜〜〜〜〜〜〜.......

1) Add Default Boat
2) Update One Tick
3) Update X Ticks
4) Show Section Details
5) Add Boat
6) Make Tester
7) Make New Simulator
0) Quit

Choice:> 